{"meta": {"format": 3, "version": "7.13.2", "timestamp": "2026-02-21T12:34:39.182309", "branch_coverage": false, "show_contexts": false}, "files": {"src/pykaraoke/__init__.py": {"executed_lines": [10], "summary": {"covered_lines": 1, "num_statements": 1, "percent_covered": 100.0, "percent_covered_display": "100", "missing_lines": 0, "excluded_lines": 0, "percent_statements_covered": 100.0, "percent_statements_covered_display": "100"}, "missing_lines": [], "excluded_lines": [], "functions": {"": {"executed_lines": [10], "summary": {"covered_lines": 1, "num_statements": 1, "percent_covered": 100.0, "percent_covered_display": "100", "missing_lines": 0, "excluded_lines": 0, "percent_statements_covered": 100.0, "percent_statements_covered_display": "100"}, "missing_lines": [], "excluded_lines": [], "start_line": 1}}, "classes": {"": {"executed_lines": [10], "summary": {"covered_lines": 1, "num_statements": 1, "percent_covered": 100.0, "percent_covered_display": "100", "missing_lines": 0, "excluded_lines": 0, "percent_statements_covered": 100.0, "percent_statements_covered_display": "100"}, "missing_lines": [], "excluded_lines": [], "start_line": 1}}}, "src/pykaraoke/config/__init__.py": {"executed_lines": [], "summary": {"covered_lines": 0, "num_statements": 0, "percent_covered": 100.0, "percent_covered_display": "100", "missing_lines": 0, "excluded_lines": 0, "percent_statements_covered": 100.0, "percent_statements_covered_display": "100"}, "missing_lines": [], "excluded_lines": [], "functions": {"": {"executed_lines": [], "summary": {"covered_lines": 0, "num_statements": 0, "percent_covered": 100.0, "percent_covered_display": "100", "missing_lines": 0, "excluded_lines": 0, "percent_statements_covered": 100.0, "percent_statements_covered_display": "100"}, "missing_lines": [], "excluded_lines": [], "start_line": 1}}, "classes": {"": {"executed_lines": [], "summary": {"covered_lines": 0, "num_statements": 0, "percent_covered": 100.0, "percent_covered_display": "100", "missing_lines": 0, "excluded_lines": 0, "percent_statements_covered": 100.0, "percent_statements_covered_display": "100"}, "missing_lines": [], "excluded_lines": [], "start_line": 1}}}, "src/pykaraoke/config/constants.py": {"executed_lines": [22, 23, 24, 25, 26, 29, 30, 31, 32, 33, 34, 35, 38, 39, 40, 41, 42, 43, 44, 45, 46, 47, 48, 49, 50, 51, 52, 53, 54, 55, 56, 59, 60], "summary": {"covered_lines": 33, "num_statements": 33, "percent_covered": 100.0, "percent_covered_display": "100", "missing_lines": 0, "excluded_lines": 0, "percent_statements_covered": 100.0, "percent_statements_covered_display": "100"}, "missing_lines": [], "excluded_lines": [], "functions": {"": {"executed_lines": [22, 23, 24, 25, 26, 29, 30, 31, 32, 33, 34, 35, 38, 39, 40, 41, 42, 43, 44, 45, 46, 47, 48, 49, 50, 51, 52, 53, 54, 55, 56, 59, 60], "summary": {"covered_lines": 33, "num_statements": 33, "percent_covered": 100.0, "percent_covered_display": "100", "missing_lines": 0, "excluded_lines": 0, "percent_statements_covered": 100.0, "percent_statements_covered_display": "100"}, "missing_lines": [], "excluded_lines": [], "start_line": 1}}, "classes": {"": {"executed_lines": [22, 23, 24, 25, 26, 29, 30, 31, 32, 33, 34, 35, 38, 39, 40, 41, 42, 43, 44, 45, 46, 47, 48, 49, 50, 51, 52, 53, 54, 55, 56, 59, 60], "summary": {"covered_lines": 33, "num_statements": 33, "percent_covered": 100.0, "percent_covered_display": "100", "missing_lines": 0, "excluded_lines": 0, "percent_statements_covered": 100.0, "percent_statements_covered_display": "100"}, "missing_lines": [], "excluded_lines": [], "start_line": 1}}}, "src/pykaraoke/config/environment.py": {"executed_lines": [20, 22, 31, 32, 33, 35, 38], "summary": {"covered_lines": 7, "num_statements": 12, "percent_covered": 58.333333333333336, "percent_covered_display": "58", "missing_lines": 5, "excluded_lines": 0, "percent_statements_covered": 58.333333333333336, "percent_statements_covered_display": "58"}, "missing_lines": [34, 36, 39, 40, 42], "excluded_lines": [], "functions": {"": {"executed_lines": [20, 22, 31, 32, 33, 35, 38], "summary": {"covered_lines": 7, "num_statements": 12, "percent_covered": 58.333333333333336, "percent_covered_display": "58", "missing_lines": 5, "excluded_lines": 0, "percent_statements_covered": 58.333333333333336, "percent_statements_covered_display": "58"}, "missing_lines": [34, 36, 39, 40, 42], "excluded_lines": [], "start_line": 1}}, "classes": {"": {"executed_lines": [20, 22, 31, 32, 33, 35, 38], "summary": {"covered_lines": 7, "num_statements": 12, "percent_covered": 58.333333333333336, "percent_covered_display": "58", "missing_lines": 5, "excluded_lines": 0, "percent_statements_covered": 58.333333333333336, "percent_statements_covered_display": "58"}, "missing_lines": [34, 36, 39, 40, 42], "excluded_lines": [], "start_line": 1}}}, "src/pykaraoke/config/version.py": {"executed_lines": [24], "summary": {"covered_lines": 1, "num_statements": 1, "percent_covered": 100.0, "percent_covered_display": "100", "missing_lines": 0, "excluded_lines": 0, "percent_statements_covered": 100.0, "percent_statements_covered_display": "100"}, "missing_lines": [], "excluded_lines": [], "functions": {"": {"executed_lines": [24], "summary": {"covered_lines": 1, "num_statements": 1, "percent_covered": 100.0, "percent_covered_display": "100", "missing_lines": 0, "excluded_lines": 0, "percent_statements_covered": 100.0, "percent_statements_covered_display": "100"}, "missing_lines": [], "excluded_lines": [], "start_line": 1}}, "classes": {"": {"executed_lines": [24], "summary": {"covered_lines": 1, "num_statements": 1, "percent_covered": 100.0, "percent_covered_display": "100", "missing_lines": 0, "excluded_lines": 0, "percent_statements_covered": 100.0, "percent_statements_covered_display": "100"}, "missing_lines": [], "excluded_lines": [], "start_line": 1}}}, "src/pykaraoke/core/__init__.py": {"executed_lines": [], "summary": {"covered_lines": 0, "num_statements": 0, "percent_covered": 100.0, "percent_covered_display": "100", "missing_lines": 0, "excluded_lines": 0, "percent_statements_covered": 100.0, "percent_statements_covered_display": "100"}, "missing_lines": [], "excluded_lines": [], "functions": {"": {"executed_lines": [], "summary": {"covered_lines": 0, "num_statements": 0, "percent_covered": 100.0, "percent_covered_display": "100", "missing_lines": 0, "excluded_lines": 0, "percent_statements_covered": 100.0, "percent_statements_covered_display": "100"}, "missing_lines": [], "excluded_lines": [], "start_line": 1}}, "classes": {"": {"executed_lines": [], "summary": {"covered_lines": 0, "num_statements": 0, "percent_covered": 100.0, "percent_covered_display": "100", "missing_lines": 0, "excluded_lines": 0, "percent_statements_covered": 100.0, "percent_statements_covered_display": "100"}, "missing_lines": [], "excluded_lines": [], "start_line": 1}}}, "src/pykaraoke/core/backend.py": {"executed_lines": [20, 21, 22, 23, 24, 25, 26, 27, 28, 29, 30, 31, 34, 35, 43, 44, 45, 46, 48, 60, 63, 66, 69, 70, 71, 72, 73, 74, 77, 85, 87, 91, 92, 93, 94, 95, 96, 97, 98, 99, 100, 103, 106, 128, 130, 132, 134, 135, 136, 137, 138, 139, 140, 142, 144, 146, 148, 149, 150, 151, 152, 153, 155, 157, 159, 169, 170, 172, 174, 175, 176, 177, 178, 179, 180, 181, 183, 185, 196, 198, 208, 210, 212, 214, 219, 221, 228, 230, 233, 235, 237, 242, 244, 246, 252, 254, 256, 260, 262, 264, 268, 270, 273, 274, 275, 276, 278, 280, 281, 282, 283, 284, 285, 287, 289, 292, 293, 294, 297, 301, 307, 308, 318, 319, 320, 321, 322, 323, 325, 327, 328, 329, 330, 332, 334, 335, 338, 343, 344, 348, 350, 351, 352, 361, 363, 364, 365, 377, 379, 380, 381, 392, 394, 395, 396, 397, 401, 403, 404, 405, 410, 413, 415, 416, 417, 421, 424, 425, 426, 429, 432, 434, 435, 436, 446, 448, 449, 458, 461, 462, 464, 466, 467, 470, 471, 472, 474, 476, 477, 478, 479, 482, 527, 700, 712, 732, 733, 740, 747, 755, 763, 764, 765, 766, 767, 768, 769, 771, 778, 781, 783, 786, 789, 792], "summary": {"covered_lines": 214, "num_statements": 397, "percent_covered": 53.904282115869016, "percent_covered_display": "54", "missing_lines": 183, "excluded_lines": 2, "percent_statements_covered": 53.904282115869016, "percent_statements_covered_display": "54"}, "missing_lines": [49, 52, 53, 55, 88, 89, 215, 216, 217, 223, 224, 225, 226, 238, 239, 240, 241, 247, 248, 249, 250, 251, 257, 258, 259, 265, 266, 267, 290, 298, 311, 312, 313, 315, 316, 339, 340, 341, 354, 355, 356, 357, 358, 359, 367, 368, 369, 370, 373, 374, 375, 383, 384, 385, 387, 390, 406, 411, 418, 419, 427, 428, 430, 438, 439, 440, 441, 442, 488, 490, 491, 493, 495, 497, 498, 499, 500, 501, 503, 504, 505, 506, 507, 508, 509, 513, 514, 515, 519, 521, 522, 524, 532, 533, 534, 535, 536, 539, 541, 548, 550, 552, 554, 555, 557, 560, 561, 563, 566, 567, 569, 572, 573, 575, 576, 577, 578, 579, 580, 583, 584, 586, 587, 590, 591, 593, 594, 597, 598, 600, 601, 602, 603, 605, 606, 608, 610, 611, 613, 615, 616, 618, 620, 621, 623, 625, 626, 628, 631, 632, 634, 636, 637, 639, 643, 644, 646, 649, 650, 652, 654, 655, 657, 659, 660, 662, 664, 665, 667, 670, 672, 674, 676, 677, 680, 687, 689, 691, 693, 694, 695, 697, 790], "excluded_lines": [795, 796], "functions": {"PyKaraokeBackend.__init__": {"executed_lines": [87, 91, 92, 93, 94, 95, 96, 97, 98, 99, 100, 103, 106, 128, 130], "summary": {"covered_lines": 15, "num_statements": 17, "percent_covered": 88.23529411764706, "percent_covered_display": "88", "missing_lines": 2, "excluded_lines": 0, "percent_statements_covered": 88.23529411764706, "percent_statements_covered_display": "88"}, "missing_lines": [88, 89], "excluded_lines": [], "start_line": 85}, "PyKaraokeBackend._init_database": {"executed_lines": [134, 135, 136, 137, 138, 139, 140], "summary": {"covered_lines": 7, "num_statements": 7, "percent_covered": 100.0, "percent_covered_display": "100", "missing_lines": 0, "excluded_lines": 0, "percent_statements_covered": 100.0, "percent_statements_covered_display": "100"}, "missing_lines": [], "excluded_lines": [], "start_line": 132}, "PyKaraokeBackend.set_event_callback": {"executed_lines": [144], "summary": {"covered_lines": 1, "num_statements": 1, "percent_covered": 100.0, "percent_covered_display": "100", "missing_lines": 0, "excluded_lines": 0, "percent_statements_covered": 100.0, "percent_statements_covered_display": "100"}, "missing_lines": [], "excluded_lines": [], "start_line": 142}, "PyKaraokeBackend._emit_event": {"executed_lines": [148, 149, 150, 151, 152, 153], "summary": {"covered_lines": 6, "num_statements": 6, "percent_covered": 100.0, "percent_covered_display": "100", "missing_lines": 0, "excluded_lines": 0, "percent_statements_covered": 100.0, "percent_statements_covered_display": "100"}, "missing_lines": [], "excluded_lines": [], "start_line": 146}, "PyKaraokeBackend._emit_state_change": {"executed_lines": [157], "summary": {"covered_lines": 1, "num_statements": 1, "percent_covered": 100.0, "percent_covered_display": "100", "missing_lines": 0, "excluded_lines": 0, "percent_statements_covered": 100.0, "percent_statements_covered_display": "100"}, "missing_lines": [], "excluded_lines": [], "start_line": 155}, "PyKaraokeBackend.handle_command": {"executed_lines": [169, 170, 172, 174, 175, 176, 177, 178, 179, 180, 181], "summary": {"covered_lines": 11, "num_statements": 11, "percent_covered": 100.0, "percent_covered_display": "100", "missing_lines": 0, "excluded_lines": 0, "percent_statements_covered": 100.0, "percent_statements_covered_display": "100"}, "missing_lines": [], "excluded_lines": [], "start_line": 159}, "PyKaraokeBackend.get_state": {"executed_lines": [185], "summary": {"covered_lines": 1, "num_statements": 1, "percent_covered": 100.0, "percent_covered_display": "100", "missing_lines": 0, "excluded_lines": 0, "percent_statements_covered": 100.0, "percent_statements_covered_display": "100"}, "missing_lines": [], "excluded_lines": [], "start_line": 183}, "PyKaraokeBackend._song_to_dict": {"executed_lines": [198], "summary": {"covered_lines": 1, "num_statements": 1, "percent_covered": 100.0, "percent_covered_display": "100", "missing_lines": 0, "excluded_lines": 0, "percent_statements_covered": 100.0, "percent_statements_covered_display": "100"}, "missing_lines": [], "excluded_lines": [], "start_line": 196}, "PyKaraokeBackend._handle_play": {"executed_lines": [210, 212, 214, 219, 221, 228, 230, 233], "summary": {"covered_lines": 8, "num_statements": 15, "percent_covered": 53.333333333333336, "percent_covered_display": "53", "missing_lines": 7, "excluded_lines": 0, "percent_statements_covered": 53.333333333333336, "percent_statements_covered_display": "53"}, "missing_lines": [215, 216, 217, 223, 224, 225, 226], "excluded_lines": [], "start_line": 208}, "PyKaraokeBackend._handle_pause": {"executed_lines": [237, 242], "summary": {"covered_lines": 2, "num_statements": 6, "percent_covered": 33.333333333333336, "percent_covered_display": "33", "missing_lines": 4, "excluded_lines": 0, "percent_statements_covered": 33.333333333333336, "percent_statements_covered_display": "33"}, "missing_lines": [238, 239, 240, 241], "excluded_lines": [], "start_line": 235}, "PyKaraokeBackend._handle_stop": {"executed_lines": [246, 252], "summary": {"covered_lines": 2, "num_statements": 7, "percent_covered": 28.571428571428573, "percent_covered_display": "29", "missing_lines": 5, "excluded_lines": 0, "percent_statements_covered": 28.571428571428573, "percent_statements_covered_display": "29"}, "missing_lines": [247, 248, 249, 250, 251], "excluded_lines": [], "start_line": 244}, "PyKaraokeBackend._handle_next": {"executed_lines": [256, 260], "summary": {"covered_lines": 2, "num_statements": 5, "percent_covered": 40.0, "percent_covered_display": "40", "missing_lines": 3, "excluded_lines": 0, "percent_statements_covered": 40.0, "percent_statements_covered_display": "40"}, "missing_lines": [257, 258, 259], "excluded_lines": [], "start_line": 254}, "PyKaraokeBackend._handle_previous": {"executed_lines": [264, 268], "summary": {"covered_lines": 2, "num_statements": 5, "percent_covered": 40.0, "percent_covered_display": "40", "missing_lines": 3, "excluded_lines": 0, "percent_statements_covered": 40.0, "percent_statements_covered_display": "40"}, "missing_lines": [265, 266, 267], "excluded_lines": [], "start_line": 262}, "PyKaraokeBackend._handle_seek": {"executed_lines": [273, 274, 275, 276], "summary": {"covered_lines": 4, "num_statements": 4, "percent_covered": 100.0, "percent_covered_display": "100", "missing_lines": 0, "excluded_lines": 0, "percent_statements_covered": 100.0, "percent_statements_covered_display": "100"}, "missing_lines": [], "excluded_lines": [], "start_line": 270}, "PyKaraokeBackend._handle_set_volume": {"executed_lines": [280, 281, 282, 283, 284, 285], "summary": {"covered_lines": 6, "num_statements": 6, "percent_covered": 100.0, "percent_covered_display": "100", "missing_lines": 0, "excluded_lines": 0, "percent_statements_covered": 100.0, "percent_statements_covered_display": "100"}, "missing_lines": [], "excluded_lines": [], "start_line": 278}, "PyKaraokeBackend._start_playback": {"executed_lines": [289, 292, 293, 294, 297, 301, 307, 308, 318, 319, 320, 321, 322, 323], "summary": {"covered_lines": 14, "num_statements": 21, "percent_covered": 66.66666666666667, "percent_covered_display": "67", "missing_lines": 7, "excluded_lines": 0, "percent_statements_covered": 66.66666666666667, "percent_statements_covered_display": "67"}, "missing_lines": [290, 298, 311, 312, 313, 315, 316], "excluded_lines": [], "start_line": 287}, "PyKaraokeBackend._on_player_error": {"executed_lines": [327, 328, 329, 330], "summary": {"covered_lines": 4, "num_statements": 4, "percent_covered": 100.0, "percent_covered_display": "100", "missing_lines": 0, "excluded_lines": 0, "percent_statements_covered": 100.0, "percent_statements_covered_display": "100"}, "missing_lines": [], "excluded_lines": [], "start_line": 325}, "PyKaraokeBackend._on_song_finished": {"executed_lines": [334, 335, 338, 343, 344], "summary": {"covered_lines": 5, "num_statements": 8, "percent_covered": 62.5, "percent_covered_display": "62", "missing_lines": 3, "excluded_lines": 0, "percent_statements_covered": 62.5, "percent_statements_covered_display": "62"}, "missing_lines": [339, 340, 341], "excluded_lines": [], "start_line": 332}, "PyKaraokeBackend._handle_load_song": {"executed_lines": [350, 351, 352], "summary": {"covered_lines": 3, "num_statements": 9, "percent_covered": 33.333333333333336, "percent_covered_display": "33", "missing_lines": 6, "excluded_lines": 0, "percent_statements_covered": 33.333333333333336, "percent_statements_covered_display": "33"}, "missing_lines": [354, 355, 356, 357, 358, 359], "excluded_lines": [], "start_line": 348}, "PyKaraokeBackend._handle_add_to_playlist": {"executed_lines": [363, 364, 365], "summary": {"covered_lines": 3, "num_statements": 10, "percent_covered": 30.0, "percent_covered_display": "30", "missing_lines": 7, "excluded_lines": 0, "percent_statements_covered": 30.0, "percent_statements_covered_display": "30"}, "missing_lines": [367, 368, 369, 370, 373, 374, 375], "excluded_lines": [], "start_line": 361}, "PyKaraokeBackend._handle_remove_from_playlist": {"executed_lines": [379, 380, 381], "summary": {"covered_lines": 3, "num_statements": 8, "percent_covered": 37.5, "percent_covered_display": "38", "missing_lines": 5, "excluded_lines": 0, "percent_statements_covered": 37.5, "percent_statements_covered_display": "38"}, "missing_lines": [383, 384, 385, 387, 390], "excluded_lines": [], "start_line": 377}, "PyKaraokeBackend._handle_clear_playlist": {"executed_lines": [394, 395, 396, 397], "summary": {"covered_lines": 4, "num_statements": 4, "percent_covered": 100.0, "percent_covered_display": "100", "missing_lines": 0, "excluded_lines": 0, "percent_statements_covered": 100.0, "percent_statements_covered_display": "100"}, "missing_lines": [], "excluded_lines": [], "start_line": 392}, "PyKaraokeBackend._handle_search_songs": {"executed_lines": [403, 404, 405, 410], "summary": {"covered_lines": 4, "num_statements": 6, "percent_covered": 66.66666666666667, "percent_covered_display": "67", "missing_lines": 2, "excluded_lines": 0, "percent_statements_covered": 66.66666666666667, "percent_statements_covered_display": "67"}, "missing_lines": [406, 411], "excluded_lines": [], "start_line": 401}, "PyKaraokeBackend._handle_get_library": {"executed_lines": [415, 416, 417], "summary": {"covered_lines": 3, "num_statements": 5, "percent_covered": 60.0, "percent_covered_display": "60", "missing_lines": 2, "excluded_lines": 0, "percent_statements_covered": 60.0, "percent_statements_covered_display": "60"}, "missing_lines": [418, 419], "excluded_lines": [], "start_line": 413}, "PyKaraokeBackend._handle_scan_library": {"executed_lines": [424, 425, 426, 429], "summary": {"covered_lines": 4, "num_statements": 7, "percent_covered": 57.142857142857146, "percent_covered_display": "57", "missing_lines": 3, "excluded_lines": 0, "percent_statements_covered": 57.142857142857146, "percent_statements_covered_display": "57"}, "missing_lines": [427, 428, 430], "excluded_lines": [], "start_line": 421}, "PyKaraokeBackend._handle_add_folder": {"executed_lines": [434, 435, 436], "summary": {"covered_lines": 3, "num_statements": 8, "percent_covered": 37.5, "percent_covered_display": "38", "missing_lines": 5, "excluded_lines": 0, "percent_statements_covered": 37.5, "percent_statements_covered_display": "38"}, "missing_lines": [438, 439, 440, 441, 442], "excluded_lines": [], "start_line": 432}, "PyKaraokeBackend._handle_get_settings": {"executed_lines": [448, 449], "summary": {"covered_lines": 2, "num_statements": 2, "percent_covered": 100.0, "percent_covered_display": "100", "missing_lines": 0, "excluded_lines": 0, "percent_statements_covered": 100.0, "percent_statements_covered_display": "100"}, "missing_lines": [], "excluded_lines": [], "start_line": 446}, "PyKaraokeBackend._handle_update_settings": {"executed_lines": [461, 462], "summary": {"covered_lines": 2, "num_statements": 2, "percent_covered": 100.0, "percent_covered_display": "100", "missing_lines": 0, "excluded_lines": 0, "percent_statements_covered": 100.0, "percent_statements_covered_display": "100"}, "missing_lines": [], "excluded_lines": [], "start_line": 458}, "PyKaraokeBackend.poll": {"executed_lines": [466, 467, 470, 471, 472], "summary": {"covered_lines": 5, "num_statements": 5, "percent_covered": 100.0, "percent_covered_display": "100", "missing_lines": 0, "excluded_lines": 0, "percent_statements_covered": 100.0, "percent_statements_covered_display": "100"}, "missing_lines": [], "excluded_lines": [], "start_line": 464}, "PyKaraokeBackend.shutdown": {"executed_lines": [476, 477, 478, 479], "summary": {"covered_lines": 4, "num_statements": 4, "percent_covered": 100.0, "percent_covered_display": "100", "missing_lines": 0, "excluded_lines": 0, "percent_statements_covered": 100.0, "percent_statements_covered_display": "100"}, "missing_lines": [], "excluded_lines": [], "start_line": 474}, "create_stdio_server": {"executed_lines": [], "summary": {"covered_lines": 0, "num_statements": 22, "percent_covered": 0.0, "percent_covered_display": "0", "missing_lines": 22, "excluded_lines": 0, "percent_statements_covered": 0.0, "percent_statements_covered_display": "0"}, "missing_lines": [488, 493, 495, 497, 498, 499, 500, 501, 503, 504, 505, 506, 507, 508, 509, 513, 514, 515, 519, 521, 522, 524], "excluded_lines": [], "start_line": 482}, "create_stdio_server.event_callback": {"executed_lines": [], "summary": {"covered_lines": 0, "num_statements": 2, "percent_covered": 0.0, "percent_covered_display": "0", "missing_lines": 2, "excluded_lines": 0, "percent_statements_covered": 0.0, "percent_statements_covered_display": "0"}, "missing_lines": [490, 491], "excluded_lines": [], "start_line": 488}, "create_http_server": {"executed_lines": [], "summary": {"covered_lines": 0, "num_statements": 57, "percent_covered": 0.0, "percent_covered_display": "0", "missing_lines": 57, "excluded_lines": 0, "percent_statements_covered": 0.0, "percent_statements_covered_display": "0"}, "missing_lines": [532, 533, 534, 535, 536, 539, 541, 548, 550, 557, 560, 561, 566, 567, 572, 573, 583, 584, 590, 591, 597, 598, 605, 606, 610, 611, 615, 616, 620, 621, 625, 626, 631, 632, 636, 637, 643, 644, 649, 650, 654, 655, 659, 660, 664, 665, 670, 676, 677, 680, 687, 689, 691, 693, 694, 695, 697], "excluded_lines": [], "start_line": 527}, "create_http_server.event_callback": {"executed_lines": [], "summary": {"covered_lines": 0, "num_statements": 3, "percent_covered": 0.0, "percent_covered_display": "0", "missing_lines": 3, "excluded_lines": 0, "percent_statements_covered": 0.0, "percent_statements_covered_display": "0"}, "missing_lines": [552, 554, 555], "excluded_lines": [], "start_line": 550}, "create_http_server.health_check": {"executed_lines": [], "summary": {"covered_lines": 0, "num_statements": 1, "percent_covered": 0.0, "percent_covered_display": "0", "missing_lines": 1, "excluded_lines": 0, "percent_statements_covered": 0.0, "percent_statements_covered_display": "0"}, "missing_lines": [563], "excluded_lines": [], "start_line": 561}, "create_http_server.get_state": {"executed_lines": [], "summary": {"covered_lines": 0, "num_statements": 1, "percent_covered": 0.0, "percent_covered_display": "0", "missing_lines": 1, "excluded_lines": 0, "percent_statements_covered": 0.0, "percent_statements_covered_display": "0"}, "missing_lines": [569], "excluded_lines": [], "start_line": 567}, "create_http_server.execute_command": {"executed_lines": [], "summary": {"covered_lines": 0, "num_statements": 6, "percent_covered": 0.0, "percent_covered_display": "0", "missing_lines": 6, "excluded_lines": 0, "percent_statements_covered": 0.0, "percent_statements_covered_display": "0"}, "missing_lines": [575, 576, 577, 578, 579, 580], "excluded_lines": [], "start_line": 573}, "create_http_server.get_events": {"executed_lines": [], "summary": {"covered_lines": 0, "num_statements": 2, "percent_covered": 0.0, "percent_covered_display": "0", "missing_lines": 2, "excluded_lines": 0, "percent_statements_covered": 0.0, "percent_statements_covered_display": "0"}, "missing_lines": [586, 587], "excluded_lines": [], "start_line": 584}, "create_http_server.clear_events": {"executed_lines": [], "summary": {"covered_lines": 0, "num_statements": 2, "percent_covered": 0.0, "percent_covered_display": "0", "missing_lines": 2, "excluded_lines": 0, "percent_statements_covered": 0.0, "percent_statements_covered_display": "0"}, "missing_lines": [593, 594], "excluded_lines": [], "start_line": 591}, "create_http_server.play": {"executed_lines": [], "summary": {"covered_lines": 0, "num_statements": 4, "percent_covered": 0.0, "percent_covered_display": "0", "missing_lines": 4, "excluded_lines": 0, "percent_statements_covered": 0.0, "percent_statements_covered_display": "0"}, "missing_lines": [600, 601, 602, 603], "excluded_lines": [], "start_line": 598}, "create_http_server.pause": {"executed_lines": [], "summary": {"covered_lines": 0, "num_statements": 1, "percent_covered": 0.0, "percent_covered_display": "0", "missing_lines": 1, "excluded_lines": 0, "percent_statements_covered": 0.0, "percent_statements_covered_display": "0"}, "missing_lines": [608], "excluded_lines": [], "start_line": 606}, "create_http_server.stop": {"executed_lines": [], "summary": {"covered_lines": 0, "num_statements": 1, "percent_covered": 0.0, "percent_covered_display": "0", "missing_lines": 1, "excluded_lines": 0, "percent_statements_covered": 0.0, "percent_statements_covered_display": "0"}, "missing_lines": [613], "excluded_lines": [], "start_line": 611}, "create_http_server.next_track": {"executed_lines": [], "summary": {"covered_lines": 0, "num_statements": 1, "percent_covered": 0.0, "percent_covered_display": "0", "missing_lines": 1, "excluded_lines": 0, "percent_statements_covered": 0.0, "percent_statements_covered_display": "0"}, "missing_lines": [618], "excluded_lines": [], "start_line": 616}, "create_http_server.previous_track": {"executed_lines": [], "summary": {"covered_lines": 0, "num_statements": 1, "percent_covered": 0.0, "percent_covered_display": "0", "missing_lines": 1, "excluded_lines": 0, "percent_statements_covered": 0.0, "percent_statements_covered_display": "0"}, "missing_lines": [623], "excluded_lines": [], "start_line": 621}, "create_http_server.set_volume": {"executed_lines": [], "summary": {"covered_lines": 0, "num_statements": 1, "percent_covered": 0.0, "percent_covered_display": "0", "missing_lines": 1, "excluded_lines": 0, "percent_statements_covered": 0.0, "percent_statements_covered_display": "0"}, "missing_lines": [628], "excluded_lines": [], "start_line": 626}, "create_http_server.add_to_playlist": {"executed_lines": [], "summary": {"covered_lines": 0, "num_statements": 1, "percent_covered": 0.0, "percent_covered_display": "0", "missing_lines": 1, "excluded_lines": 0, "percent_statements_covered": 0.0, "percent_statements_covered_display": "0"}, "missing_lines": [634], "excluded_lines": [], "start_line": 632}, "create_http_server.remove_from_playlist": {"executed_lines": [], "summary": {"covered_lines": 0, "num_statements": 1, "percent_covered": 0.0, "percent_covered_display": "0", "missing_lines": 1, "excluded_lines": 0, "percent_statements_covered": 0.0, "percent_statements_covered_display": "0"}, "missing_lines": [639], "excluded_lines": [], "start_line": 637}, "create_http_server.clear_playlist": {"executed_lines": [], "summary": {"covered_lines": 0, "num_statements": 1, "percent_covered": 0.0, "percent_covered_display": "0", "missing_lines": 1, "excluded_lines": 0, "percent_statements_covered": 0.0, "percent_statements_covered_display": "0"}, "missing_lines": [646], "excluded_lines": [], "start_line": 644}, "create_http_server.search_songs": {"executed_lines": [], "summary": {"covered_lines": 0, "num_statements": 1, "percent_covered": 0.0, "percent_covered_display": "0", "missing_lines": 1, "excluded_lines": 0, "percent_statements_covered": 0.0, "percent_statements_covered_display": "0"}, "missing_lines": [652], "excluded_lines": [], "start_line": 650}, "create_http_server.get_library": {"executed_lines": [], "summary": {"covered_lines": 0, "num_statements": 1, "percent_covered": 0.0, "percent_covered_display": "0", "missing_lines": 1, "excluded_lines": 0, "percent_statements_covered": 0.0, "percent_statements_covered_display": "0"}, "missing_lines": [657], "excluded_lines": [], "start_line": 655}, "create_http_server.scan_library": {"executed_lines": [], "summary": {"covered_lines": 0, "num_statements": 1, "percent_covered": 0.0, "percent_covered_display": "0", "missing_lines": 1, "excluded_lines": 0, "percent_statements_covered": 0.0, "percent_statements_covered_display": "0"}, "missing_lines": [662], "excluded_lines": [], "start_line": 660}, "create_http_server.add_folder": {"executed_lines": [], "summary": {"covered_lines": 0, "num_statements": 1, "percent_covered": 0.0, "percent_covered_display": "0", "missing_lines": 1, "excluded_lines": 0, "percent_statements_covered": 0.0, "percent_statements_covered_display": "0"}, "missing_lines": [667], "excluded_lines": [], "start_line": 665}, "create_http_server.handle_shutdown": {"executed_lines": [], "summary": {"covered_lines": 0, "num_statements": 2, "percent_covered": 0.0, "percent_covered_display": "0", "missing_lines": 2, "excluded_lines": 0, "percent_statements_covered": 0.0, "percent_statements_covered_display": "0"}, "missing_lines": [672, 674], "excluded_lines": [], "start_line": 670}, "main": {"executed_lines": [712, 732, 733, 740, 747, 755, 763, 764, 765, 766, 767, 768, 769, 771, 778, 781, 783, 786, 789, 792], "summary": {"covered_lines": 20, "num_statements": 21, "percent_covered": 95.23809523809524, "percent_covered_display": "95", "missing_lines": 1, "excluded_lines": 0, "percent_statements_covered": 95.23809523809524, "percent_statements_covered_display": "95"}, "missing_lines": [790], "excluded_lines": [], "start_line": 700}, "": {"executed_lines": [20, 21, 22, 23, 24, 25, 26, 27, 28, 29, 30, 31, 34, 35, 43, 44, 45, 46, 48, 60, 63, 66, 69, 70, 71, 72, 73, 74, 77, 85, 132, 142, 146, 155, 159, 183, 196, 208, 235, 244, 254, 262, 270, 278, 287, 325, 332, 348, 361, 377, 392, 401, 413, 421, 432, 446, 458, 464, 474, 482, 527, 700], "summary": {"covered_lines": 62, "num_statements": 66, "percent_covered": 93.93939393939394, "percent_covered_display": "94", "missing_lines": 4, "excluded_lines": 2, "percent_statements_covered": 93.93939393939394, "percent_statements_covered_display": "94"}, "missing_lines": [49, 52, 53, 55], "excluded_lines": [795, 796], "start_line": 1}}, "classes": {"BackendState": {"executed_lines": [], "summary": {"covered_lines": 0, "num_statements": 0, "percent_covered": 100.0, "percent_covered_display": "100", "missing_lines": 0, "excluded_lines": 0, "percent_statements_covered": 100.0, "percent_statements_covered_display": "100"}, "missing_lines": [], "excluded_lines": [], "start_line": 66}, "PyKaraokeBackend": {"executed_lines": [87, 91, 92, 93, 94, 95, 96, 97, 98, 99, 100, 103, 106, 128, 130, 134, 135, 136, 137, 138, 139, 140, 144, 148, 149, 150, 151, 152, 153, 157, 169, 170, 172, 174, 175, 176, 177, 178, 179, 180, 181, 185, 198, 210, 212, 214, 219, 221, 228, 230, 233, 237, 242, 246, 252, 256, 260, 264, 268, 273, 274, 275, 276, 280, 281, 282, 283, 284, 285, 289, 292, 293, 294, 297, 301, 307, 308, 318, 319, 320, 321, 322, 323, 327, 328, 329, 330, 334, 335, 338, 343, 344, 350, 351, 352, 363, 364, 365, 379, 380, 381, 394, 395, 396, 397, 403, 404, 405, 410, 415, 416, 417, 424, 425, 426, 429, 434, 435, 436, 448, 449, 461, 462, 466, 467, 470, 471, 472, 476, 477, 478, 479], "summary": {"covered_lines": 132, "num_statements": 196, "percent_covered": 67.34693877551021, "percent_covered_display": "67", "missing_lines": 64, "excluded_lines": 0, "percent_statements_covered": 67.34693877551021, "percent_statements_covered_display": "67"}, "missing_lines": [88, 89, 215, 216, 217, 223, 224, 225, 226, 238, 239, 240, 241, 247, 248, 249, 250, 251, 257, 258, 259, 265, 266, 267, 290, 298, 311, 312, 313, 315, 316, 339, 340, 341, 354, 355, 356, 357, 358, 359, 367, 368, 369, 370, 373, 374, 375, 383, 384, 385, 387, 390, 406, 411, 418, 419, 427, 428, 430, 438, 439, 440, 441, 442], "excluded_lines": [], "start_line": 77}, "": {"executed_lines": [20, 21, 22, 23, 24, 25, 26, 27, 28, 29, 30, 31, 34, 35, 43, 44, 45, 46, 48, 60, 63, 66, 69, 70, 71, 72, 73, 74, 77, 85, 132, 142, 146, 155, 159, 183, 196, 208, 235, 244, 254, 262, 270, 278, 287, 325, 332, 348, 361, 377, 392, 401, 413, 421, 432, 446, 458, 464, 474, 482, 527, 700, 712, 732, 733, 740, 747, 755, 763, 764, 765, 766, 767, 768, 769, 771, 778, 781, 783, 786, 789, 792], "summary": {"covered_lines": 82, "num_statements": 201, "percent_covered": 40.79601990049751, "percent_covered_display": "41", "missing_lines": 119, "excluded_lines": 2, "percent_statements_covered": 40.79601990049751, "percent_statements_covered_display": "41"}, "missing_lines": [49, 52, 53, 55, 488, 490, 491, 493, 495, 497, 498, 499, 500, 501, 503, 504, 505, 506, 507, 508, 509, 513, 514, 515, 519, 521, 522, 524, 532, 533, 534, 535, 536, 539, 541, 548, 550, 552, 554, 555, 557, 560, 561, 563, 566, 567, 569, 572, 573, 575, 576, 577, 578, 579, 580, 583, 584, 586, 587, 590, 591, 593, 594, 597, 598, 600, 601, 602, 603, 605, 606, 608, 610, 611, 613, 615, 616, 618, 620, 621, 623, 625, 626, 628, 631, 632, 634, 636, 637, 639, 643, 644, 646, 649, 650, 652, 654, 655, 657, 659, 660, 662, 664, 665, 667, 670, 672, 674, 676, 677, 680, 687, 689, 691, 693, 694, 695, 697, 790], "excluded_lines": [795, 796], "start_line": 1}}}, "src/pykaraoke/core/database.py": {"executed_lines": [26, 27, 28, 29, 31, 32, 33, 35, 36, 37, 38, 43, 45, 47, 51, 55, 60, 64, 67, 77, 78, 80, 81, 82, 86, 89, 92, 98, 99, 101, 103, 105, 107, 109, 111, 114, 120, 121, 122, 123, 124, 130, 132, 136, 138, 141, 142, 143, 145, 150, 153, 155, 158, 159, 165, 166, 167, 169, 176, 179, 185, 186, 187, 189, 192, 193, 196, 197, 198, 199, 202, 203, 204, 209, 210, 212, 215, 216, 217, 218, 219, 220, 221, 225, 232, 237, 241, 245, 248, 249, 250, 253, 254, 258, 259, 260, 261, 262, 263, 264, 265, 266, 267, 271, 303, 322, 324, 326, 327, 328, 329, 330, 338, 340, 342, 344, 346, 348, 349, 350, 351, 352, 360, 362, 365, 366, 368, 369, 370, 371, 373, 375, 376, 377, 379, 381, 417, 428, 430, 431, 433, 434, 435, 437, 438, 439, 440, 441, 443, 445, 446, 448, 449, 451, 456, 457, 458, 463, 464, 465, 466, 471, 473, 479, 482, 487, 494, 495, 496, 497, 500, 502, 526, 549, 558, 568, 571, 573, 580, 581, 582, 583, 584, 586, 589, 592, 597, 598, 599, 600, 604, 606, 611, 612, 613, 614, 615, 617, 619, 638, 671, 672, 673, 675, 676, 679, 680, 681, 686, 687, 688, 689, 694, 695, 696, 697, 698, 699, 700, 702, 703, 707, 709, 710, 711, 712, 714, 715, 717, 718, 719, 720, 721, 722, 724, 725, 727, 752, 788, 793, 796, 797, 798, 799, 812, 826, 829, 839, 846, 856, 867, 874, 875, 878, 879, 880, 881, 882, 883, 884, 885, 886, 887, 890, 891, 893, 894, 895, 899, 900, 902, 903, 905, 906, 907, 910, 913, 914, 915, 918, 920, 921, 922, 923, 931, 934, 935, 936, 937, 938, 939, 940, 941, 944, 945, 946, 949, 950, 955, 956, 957, 959, 961, 988, 989, 990, 991, 995, 996, 998, 1002, 1006, 1010, 1013, 1016, 1020, 1024, 1025, 1029, 1032, 1034, 1035, 1036, 1038, 1043, 1044, 1045, 1047, 1055, 1056, 1058, 1061, 1062, 1063, 1065, 1066, 1067, 1069, 1071, 1072, 1073, 1088, 1092, 1094, 1095, 1098, 1100, 1103, 1104, 1105, 1110, 1127, 1191, 1195, 1196, 1197, 1198, 1206, 1207, 1209, 1210, 1215, 1218, 1220, 1221, 1222, 1224, 1225, 1227, 1230, 1231, 1232, 1233, 1237, 1243, 1281, 1285, 1286, 1289, 1290, 1291, 1298, 1299, 1300, 1301, 1302, 1304, 1340, 1344, 1352, 1359, 1366, 1367, 1368, 1371, 1372, 1373, 1376, 1377, 1379, 1380, 1382, 1385, 1386, 1387, 1389, 1390, 1392, 1456, 1493, 1507, 1508, 1509, 1510, 1511, 1512, 1513, 1515, 1617, 1618, 1619, 1622, 1623, 1626, 1634, 1668, 1672, 1673, 1674, 1675, 1676, 1681, 1682, 1687, 1688, 1696, 1697, 1698, 1699, 1702, 1703, 1704, 1705, 1706, 1707, 1708, 1709, 1716, 1797, 1800, 1803, 1806, 1809, 1812, 1815, 1823, 1831, 1839, 1847, 1855, 1863, 1880, 1961, 1988], "summary": {"covered_lines": 464, "num_statements": 1053, "percent_covered": 44.06457739791073, "percent_covered_display": "44", "missing_lines": 589, "excluded_lines": 10, "percent_statements_covered": 44.06457739791073, "percent_statements_covered_display": "44"}, "missing_lines": [83, 84, 233, 246, 251, 255, 269, 273, 275, 276, 278, 279, 281, 282, 284, 285, 287, 288, 290, 291, 293, 295, 297, 299, 301, 305, 307, 308, 309, 310, 311, 312, 313, 314, 316, 318, 320, 331, 332, 333, 334, 336, 353, 354, 356, 387, 388, 390, 391, 392, 393, 394, 395, 397, 400, 402, 403, 404, 407, 408, 409, 410, 413, 415, 467, 468, 483, 484, 485, 486, 488, 489, 490, 491, 506, 507, 511, 512, 514, 516, 518, 520, 522, 524, 531, 532, 535, 537, 539, 541, 543, 545, 547, 554, 555, 556, 566, 621, 622, 623, 624, 625, 626, 631, 633, 634, 636, 647, 648, 650, 652, 653, 654, 655, 656, 657, 658, 660, 661, 663, 665, 666, 667, 669, 682, 683, 684, 690, 691, 692, 733, 734, 735, 738, 739, 740, 742, 743, 745, 746, 747, 748, 750, 753, 755, 757, 758, 759, 760, 761, 763, 764, 765, 767, 768, 769, 770, 772, 776, 778, 779, 780, 781, 782, 784, 785, 813, 814, 815, 816, 817, 818, 819, 821, 888, 960, 962, 963, 964, 966, 967, 968, 969, 975, 976, 977, 978, 979, 980, 981, 982, 983, 1051, 1075, 1076, 1078, 1079, 1081, 1082, 1083, 1097, 1108, 1116, 1117, 1118, 1119, 1120, 1121, 1122, 1124, 1125, 1132, 1134, 1136, 1137, 1138, 1140, 1145, 1146, 1147, 1148, 1149, 1150, 1151, 1153, 1155, 1156, 1157, 1159, 1160, 1163, 1165, 1166, 1167, 1169, 1172, 1173, 1174, 1175, 1176, 1177, 1179, 1181, 1183, 1184, 1186, 1187, 1188, 1189, 1208, 1216, 1235, 1238, 1239, 1241, 1246, 1247, 1248, 1249, 1250, 1253, 1254, 1255, 1256, 1257, 1258, 1259, 1261, 1262, 1263, 1264, 1265, 1266, 1267, 1268, 1270, 1271, 1273, 1292, 1293, 1307, 1308, 1310, 1312, 1313, 1316, 1317, 1318, 1319, 1322, 1325, 1326, 1328, 1329, 1330, 1331, 1332, 1333, 1335, 1336, 1337, 1338, 1342, 1347, 1348, 1350, 1357, 1378, 1396, 1397, 1398, 1399, 1401, 1402, 1404, 1405, 1412, 1413, 1414, 1415, 1417, 1418, 1419, 1420, 1425, 1426, 1427, 1428, 1429, 1431, 1434, 1435, 1436, 1438, 1439, 1441, 1442, 1446, 1448, 1449, 1451, 1452, 1454, 1459, 1460, 1461, 1462, 1463, 1468, 1471, 1472, 1473, 1474, 1477, 1482, 1483, 1484, 1486, 1488, 1489, 1490, 1491, 1516, 1517, 1519, 1521, 1522, 1523, 1524, 1525, 1526, 1529, 1530, 1533, 1534, 1535, 1537, 1539, 1540, 1541, 1544, 1546, 1548, 1549, 1550, 1551, 1552, 1553, 1555, 1556, 1557, 1558, 1559, 1560, 1561, 1563, 1564, 1566, 1567, 1569, 1570, 1571, 1572, 1573, 1574, 1578, 1579, 1581, 1582, 1584, 1587, 1589, 1590, 1595, 1596, 1604, 1605, 1607, 1612, 1613, 1614, 1627, 1637, 1638, 1639, 1640, 1641, 1642, 1643, 1644, 1646, 1647, 1649, 1650, 1651, 1652, 1653, 1659, 1660, 1661, 1662, 1663, 1664, 1665, 1669, 1689, 1710, 1714, 1730, 1731, 1732, 1733, 1734, 1736, 1737, 1738, 1740, 1741, 1742, 1743, 1744, 1746, 1747, 1748, 1751, 1752, 1753, 1754, 1755, 1756, 1757, 1758, 1759, 1760, 1761, 1762, 1763, 1765, 1766, 1767, 1769, 1770, 1771, 1773, 1778, 1779, 1781, 1782, 1783, 1786, 1788, 1789, 1790, 1791, 1793, 1795, 1798, 1801, 1804, 1807, 1810, 1813, 1816, 1824, 1832, 1840, 1848, 1856, 1864, 1865, 1866, 1867, 1868, 1870, 1874, 1875, 1876, 1877, 1878, 1884, 1885, 1886, 1887, 1891, 1892, 1893, 1894, 1895, 1897, 1898, 1899, 1900, 1901, 1902, 1904, 1905, 1908, 1911, 1912, 1913, 1914, 1917, 1918, 1920, 1921, 1922, 1923, 1924, 1925, 1926, 1927, 1929, 1930, 1931, 1932, 1933, 1937, 1938, 1939, 1940, 1941, 1942, 1943, 1944, 1945, 1946, 1947, 1948, 1950, 1952, 1955, 1956, 1957, 1958, 1959, 1966, 1968, 1969, 1971, 1973, 1974, 1975, 1976, 1980, 1981, 1982, 1983, 1984, 1985], "excluded_lines": [801, 802, 803, 804, 805, 806, 807, 808, 809, 810], "functions": {"AppYielder.__init__": {"executed_lines": [78], "summary": {"covered_lines": 1, "num_statements": 1, "percent_covered": 100.0, "percent_covered_display": "100", "missing_lines": 0, "excluded_lines": 0, "percent_statements_covered": 100.0, "percent_statements_covered_display": "100"}, "missing_lines": [], "excluded_lines": [], "start_line": 77}, "AppYielder.ConsiderYield": {"executed_lines": [81, 82], "summary": {"covered_lines": 2, "num_statements": 4, "percent_covered": 50.0, "percent_covered_display": "50", "missing_lines": 2, "excluded_lines": 0, "percent_statements_covered": 50.0, "percent_statements_covered_display": "50"}, "missing_lines": [83, 84], "excluded_lines": [], "start_line": 80}, "AppYielder.Yield": {"executed_lines": [89], "summary": {"covered_lines": 1, "num_statements": 1, "percent_covered": 100.0, "percent_covered_display": "100", "missing_lines": 0, "excluded_lines": 0, "percent_statements_covered": 100.0, "percent_statements_covered_display": "100"}, "missing_lines": [], "excluded_lines": [], "start_line": 86}, "BusyCancelDialog.__init__": {"executed_lines": [99], "summary": {"covered_lines": 1, "num_statements": 1, "percent_covered": 100.0, "percent_covered_display": "100", "missing_lines": 0, "excluded_lines": 0, "percent_statements_covered": 100.0, "percent_statements_covered_display": "100"}, "missing_lines": [], "excluded_lines": [], "start_line": 98}, "BusyCancelDialog.Show": {"executed_lines": [103], "summary": {"covered_lines": 1, "num_statements": 1, "percent_covered": 100.0, "percent_covered_display": "100", "missing_lines": 0, "excluded_lines": 0, "percent_statements_covered": 100.0, "percent_statements_covered_display": "100"}, "missing_lines": [], "excluded_lines": [], "start_line": 101}, "BusyCancelDialog.SetProgress": {"executed_lines": [107], "summary": {"covered_lines": 1, "num_statements": 1, "percent_covered": 100.0, "percent_covered_display": "100", "missing_lines": 0, "excluded_lines": 0, "percent_statements_covered": 100.0, "percent_statements_covered_display": "100"}, "missing_lines": [], "excluded_lines": [], "start_line": 105}, "BusyCancelDialog.Destroy": {"executed_lines": [111], "summary": {"covered_lines": 1, "num_statements": 1, "percent_covered": 100.0, "percent_covered_display": "100", "missing_lines": 0, "excluded_lines": 0, "percent_statements_covered": 100.0, "percent_statements_covered_display": "100"}, "missing_lines": [], "excluded_lines": [], "start_line": 109}, "SongData.__init__": {"executed_lines": [121, 122, 123, 124, 130], "summary": {"covered_lines": 5, "num_statements": 5, "percent_covered": 100.0, "percent_covered_display": "100", "missing_lines": 0, "excluded_lines": 0, "percent_statements_covered": 100.0, "percent_statements_covered_display": "100"}, "missing_lines": [], "excluded_lines": [], "start_line": 120}, "SongData.GetData": {"executed_lines": [136, 138, 141, 142, 143], "summary": {"covered_lines": 5, "num_statements": 5, "percent_covered": 100.0, "percent_covered_display": "100", "missing_lines": 0, "excluded_lines": 0, "percent_statements_covered": 100.0, "percent_statements_covered_display": "100"}, "missing_lines": [], "excluded_lines": [], "start_line": 132}, "SongData.GetFilepath": {"executed_lines": [150, 153, 155, 158, 159, 165, 166, 167, 169], "summary": {"covered_lines": 9, "num_statements": 9, "percent_covered": 100.0, "percent_covered_display": "100", "missing_lines": 0, "excluded_lines": 0, "percent_statements_covered": 100.0, "percent_statements_covered_display": "100"}, "missing_lines": [], "excluded_lines": [], "start_line": 145}, "SongStruct.__init__": {"executed_lines": [192, 193, 196, 197, 198, 199, 202, 203, 204, 209, 210, 212, 215, 216, 217, 218, 219, 220, 221, 225, 232, 237, 241, 245, 248, 249, 250, 253, 254, 258, 259, 260, 261, 262, 263, 264, 265, 266, 267], "summary": {"covered_lines": 39, "num_statements": 44, "percent_covered": 88.63636363636364, "percent_covered_display": "89", "missing_lines": 5, "excluded_lines": 0, "percent_statements_covered": 88.63636363636364, "percent_statements_covered_display": "89"}, "missing_lines": [233, 246, 251, 255, 269], "excluded_lines": [], "start_line": 189}, "SongStruct.ParseTitle": {"executed_lines": [], "summary": {"covered_lines": 0, "num_statements": 18, "percent_covered": 0.0, "percent_covered_display": "0", "missing_lines": 18, "excluded_lines": 0, "percent_statements_covered": 0.0, "percent_statements_covered_display": "0"}, "missing_lines": [273, 275, 276, 278, 279, 281, 282, 284, 285, 287, 288, 290, 291, 293, 295, 297, 299, 301], "excluded_lines": [], "start_line": 271}, "SongStruct.ParseArtist": {"executed_lines": [], "summary": {"covered_lines": 0, "num_statements": 12, "percent_covered": 0.0, "percent_covered_display": "0", "missing_lines": 12, "excluded_lines": 0, "percent_statements_covered": 0.0, "percent_statements_covered_display": "0"}, "missing_lines": [305, 307, 308, 309, 310, 311, 312, 313, 314, 316, 318, 320], "excluded_lines": [], "start_line": 303}, "SongStruct.ParseDisc": {"executed_lines": [324, 326, 327, 328, 329, 330, 338, 340, 342], "summary": {"covered_lines": 9, "num_statements": 14, "percent_covered": 64.28571428571429, "percent_covered_display": "64", "missing_lines": 5, "excluded_lines": 0, "percent_statements_covered": 64.28571428571429, "percent_statements_covered_display": "64"}, "missing_lines": [331, 332, 333, 334, 336], "excluded_lines": [], "start_line": 322}, "SongStruct.ParseTrack": {"executed_lines": [346, 348, 349, 350, 351, 352, 360], "summary": {"covered_lines": 7, "num_statements": 10, "percent_covered": 70.0, "percent_covered_display": "70", "missing_lines": 3, "excluded_lines": 0, "percent_statements_covered": 70.0, "percent_statements_covered_display": "70"}, "missing_lines": [353, 354, 356], "excluded_lines": [], "start_line": 344}, "SongStruct.MakeSortKey": {"executed_lines": [365, 366, 368, 369, 370, 371, 373, 375, 376, 377, 379], "summary": {"covered_lines": 11, "num_statements": 11, "percent_covered": 100.0, "percent_covered_display": "100", "missing_lines": 0, "excluded_lines": 0, "percent_statements_covered": 100.0, "percent_statements_covered_display": "100"}, "missing_lines": [], "excluded_lines": [], "start_line": 362}, "SongStruct.MakePlayer": {"executed_lines": [], "summary": {"covered_lines": 0, "num_statements": 19, "percent_covered": 0.0, "percent_covered_display": "0", "missing_lines": 19, "excluded_lines": 0, "percent_statements_covered": 0.0, "percent_statements_covered_display": "0"}, "missing_lines": [387, 388, 390, 391, 392, 393, 394, 395, 397, 400, 402, 403, 404, 407, 408, 409, 410, 413, 415], "excluded_lines": [], "start_line": 381}, "SongStruct.GetSongDatas": {"executed_lines": [428, 430, 431, 433, 434, 435, 437, 438, 439, 440, 441, 443, 445, 446, 448, 449, 451, 456, 457, 458, 463, 464, 465, 466, 471, 473, 479, 482, 487, 494, 495, 496, 497, 500], "summary": {"covered_lines": 34, "num_statements": 44, "percent_covered": 77.27272727272727, "percent_covered_display": "77", "missing_lines": 10, "excluded_lines": 0, "percent_statements_covered": 77.27272727272727, "percent_statements_covered_display": "77"}, "missing_lines": [467, 468, 483, 484, 485, 486, 488, 489, 490, 491], "excluded_lines": [], "start_line": 417}, "SongStruct.getTextColour": {"executed_lines": [], "summary": {"covered_lines": 0, "num_statements": 10, "percent_covered": 0.0, "percent_covered_display": "0", "missing_lines": 10, "excluded_lines": 0, "percent_statements_covered": 0.0, "percent_statements_covered_display": "0"}, "missing_lines": [506, 507, 511, 512, 514, 516, 518, 520, 522, 524], "excluded_lines": [], "start_line": 502}, "SongStruct.getBackgroundColour": {"executed_lines": [], "summary": {"covered_lines": 0, "num_statements": 9, "percent_covered": 0.0, "percent_covered_display": "0", "missing_lines": 9, "excluded_lines": 0, "percent_statements_covered": 0.0, "percent_statements_covered_display": "0"}, "missing_lines": [531, 532, 535, 537, 539, 541, 543, 545, 547], "excluded_lines": [], "start_line": 526}, "SongStruct.getDisplayFilenames": {"executed_lines": [], "summary": {"covered_lines": 0, "num_statements": 3, "percent_covered": 0.0, "percent_covered_display": "0", "missing_lines": 3, "excluded_lines": 0, "percent_statements_covered": 0.0, "percent_statements_covered_display": "0"}, "missing_lines": [554, 555, 556], "excluded_lines": [], "start_line": 549}, "SongStruct.getTypeSort": {"executed_lines": [], "summary": {"covered_lines": 0, "num_statements": 1, "percent_covered": 0.0, "percent_covered_display": "0", "missing_lines": 1, "excluded_lines": 0, "percent_statements_covered": 0.0, "percent_statements_covered_display": "0"}, "missing_lines": [566], "excluded_lines": [], "start_line": 558}, "SongStruct.getMarkKey": {"executed_lines": [571], "summary": {"covered_lines": 1, "num_statements": 1, "percent_covered": 100.0, "percent_covered_display": "100", "missing_lines": 0, "excluded_lines": 0, "percent_statements_covered": 100.0, "percent_statements_covered_display": "100"}, "missing_lines": [], "excluded_lines": [], "start_line": 568}, "SongStruct.__lt__": {"executed_lines": [580, 581, 582, 583, 584], "summary": {"covered_lines": 5, "num_statements": 5, "percent_covered": 100.0, "percent_covered_display": "100", "missing_lines": 0, "excluded_lines": 0, "percent_statements_covered": 100.0, "percent_statements_covered_display": "100"}, "missing_lines": [], "excluded_lines": [], "start_line": 573}, "SongStruct.__eq__": {"executed_lines": [589], "summary": {"covered_lines": 1, "num_statements": 1, "percent_covered": 100.0, "percent_covered_display": "100", "missing_lines": 0, "excluded_lines": 0, "percent_statements_covered": 100.0, "percent_statements_covered_display": "100"}, "missing_lines": [], "excluded_lines": [], "start_line": 586}, "TitleStruct.__init__": {"executed_lines": [598, 599, 600, 604], "summary": {"covered_lines": 4, "num_statements": 4, "percent_covered": 100.0, "percent_covered_display": "100", "missing_lines": 0, "excluded_lines": 0, "percent_statements_covered": 100.0, "percent_statements_covered_display": "100"}, "missing_lines": [], "excluded_lines": [], "start_line": 597}, "TitleStruct.read": {"executed_lines": [611, 612, 613, 614, 615, 617], "summary": {"covered_lines": 6, "num_statements": 6, "percent_covered": 100.0, "percent_covered_display": "100", "missing_lines": 0, "excluded_lines": 0, "percent_statements_covered": 100.0, "percent_statements_covered_display": "100"}, "missing_lines": [], "excluded_lines": [], "start_line": 606}, "TitleStruct.rewrite": {"executed_lines": [], "summary": {"covered_lines": 0, "num_statements": 10, "percent_covered": 0.0, "percent_covered_display": "0", "missing_lines": 10, "excluded_lines": 0, "percent_statements_covered": 0.0, "percent_statements_covered_display": "0"}, "missing_lines": [621, 622, 623, 624, 625, 626, 631, 633, 634, 636], "excluded_lines": [], "start_line": 619}, "TitleStruct.__renameZipElement": {"executed_lines": [], "summary": {"covered_lines": 0, "num_statements": 17, "percent_covered": 0.0, "percent_covered_display": "0", "missing_lines": 17, "excluded_lines": 0, "percent_statements_covered": 0.0, "percent_statements_covered_display": "0"}, "missing_lines": [647, 648, 650, 652, 653, 654, 655, 656, 657, 658, 660, 661, 663, 665, 666, 667, 669], "excluded_lines": [], "start_line": 638}, "TitleStruct.__readTitles": {"executed_lines": [672, 673, 675, 676, 679, 680, 681, 686, 687, 688, 689, 694, 695, 696, 697, 698, 699, 700, 702, 703, 707, 709, 710, 711, 712, 714, 715, 717, 718, 719, 720, 721, 722, 724, 725], "summary": {"covered_lines": 35, "num_statements": 41, "percent_covered": 85.36585365853658, "percent_covered_display": "85", "missing_lines": 6, "excluded_lines": 0, "percent_statements_covered": 85.36585365853658, "percent_statements_covered_display": "85"}, "missing_lines": [682, 683, 684, 690, 691, 692], "excluded_lines": [], "start_line": 671}, "TitleStruct.__makeRelTo": {"executed_lines": [], "summary": {"covered_lines": 0, "num_statements": 13, "percent_covered": 0.0, "percent_covered_display": "0", "missing_lines": 13, "excluded_lines": 0, "percent_statements_covered": 0.0, "percent_statements_covered_display": "0"}, "missing_lines": [733, 734, 735, 738, 739, 740, 742, 743, 745, 746, 747, 748, 750], "excluded_lines": [], "start_line": 727}, "TitleStruct.__writeTitles": {"executed_lines": [], "summary": {"covered_lines": 0, "num_statements": 23, "percent_covered": 0.0, "percent_covered_display": "0", "missing_lines": 23, "excluded_lines": 0, "percent_statements_covered": 0.0, "percent_statements_covered_display": "0"}, "missing_lines": [753, 755, 757, 758, 759, 760, 761, 763, 764, 765, 767, 768, 769, 770, 772, 776, 778, 779, 780, 781, 782, 784, 785], "excluded_lines": [], "start_line": 752}, "FontData.__init__": {"executed_lines": [796, 797, 798, 799], "summary": {"covered_lines": 4, "num_statements": 4, "percent_covered": 100.0, "percent_covered_display": "100", "missing_lines": 0, "excluded_lines": 0, "percent_statements_covered": 100.0, "percent_statements_covered_display": "100"}, "missing_lines": [], "excluded_lines": [], "start_line": 793}, "FontData.__repr__": {"executed_lines": [], "summary": {"covered_lines": 0, "num_statements": 0, "percent_covered": 100.0, "percent_covered_display": "100", "missing_lines": 0, "excluded_lines": 9, "percent_statements_covered": 100.0, "percent_statements_covered_display": "100"}, "missing_lines": [], "excluded_lines": [802, 803, 804, 805, 806, 807, 808, 809, 810], "start_line": 801}, "FontData.getDescription": {"executed_lines": [], "summary": {"covered_lines": 0, "num_statements": 8, "percent_covered": 0.0, "percent_covered_display": "0", "missing_lines": 8, "excluded_lines": 0, "percent_statements_covered": 0.0, "percent_statements_covered_display": "0"}, "missing_lines": [813, 814, 815, 816, 817, 818, 819, 821], "excluded_lines": [], "start_line": 812}, "SettingsStruct.__init__": {"executed_lines": [875, 878, 879, 880, 881, 882, 883, 884, 885, 886, 887, 890, 891, 893, 894, 895, 899, 900, 902, 903, 905, 906, 907, 910, 913, 914, 915, 918, 920, 921, 922, 923, 931, 934, 935, 936, 937, 938, 939, 940, 941, 944, 945, 946, 949, 950, 955, 956, 957, 959, 961], "summary": {"covered_lines": 51, "num_statements": 69, "percent_covered": 73.91304347826087, "percent_covered_display": "74", "missing_lines": 18, "excluded_lines": 0, "percent_statements_covered": 73.91304347826087, "percent_statements_covered_display": "74"}, "missing_lines": [888, 960, 962, 963, 964, 966, 967, 968, 969, 975, 976, 977, 978, 979, 980, 981, 982, 983], "excluded_lines": [], "start_line": 874}, "DBStruct.__init__": {"executed_lines": [990, 991], "summary": {"covered_lines": 2, "num_statements": 2, "percent_covered": 100.0, "percent_covered_display": "100", "missing_lines": 0, "excluded_lines": 0, "percent_statements_covered": 100.0, "percent_statements_covered_display": "100"}, "missing_lines": [], "excluded_lines": [], "start_line": 989}, "SongDB.__init__": {"executed_lines": [998, 1002, 1006, 1010, 1013, 1016, 1020, 1024, 1025, 1029, 1032, 1034, 1035, 1036], "summary": {"covered_lines": 14, "num_statements": 14, "percent_covered": 100.0, "percent_covered_display": "100", "missing_lines": 0, "excluded_lines": 0, "percent_statements_covered": 100.0, "percent_statements_covered_display": "100"}, "missing_lines": [], "excluded_lines": [], "start_line": 996}, "SongDB.getSaveDirectory": {"executed_lines": [1043, 1044, 1045, 1047, 1055, 1056], "summary": {"covered_lines": 6, "num_statements": 7, "percent_covered": 85.71428571428571, "percent_covered_display": "86", "missing_lines": 1, "excluded_lines": 0, "percent_statements_covered": 85.71428571428571, "percent_statements_covered_display": "86"}, "missing_lines": [1051], "excluded_lines": [], "start_line": 1038}, "SongDB.getTempDirectory": {"executed_lines": [1061, 1062, 1063, 1065, 1066, 1067, 1069, 1071, 1072, 1073], "summary": {"covered_lines": 10, "num_statements": 17, "percent_covered": 58.8235294117647, "percent_covered_display": "59", "missing_lines": 7, "excluded_lines": 0, "percent_statements_covered": 58.8235294117647, "percent_statements_covered_display": "59"}, "missing_lines": [1075, 1076, 1078, 1079, 1081, 1082, 1083], "excluded_lines": [], "start_line": 1058}, "SongDB.getHomeDirectory": {"executed_lines": [1092, 1094, 1095, 1098, 1100, 1103, 1104, 1105], "summary": {"covered_lines": 8, "num_statements": 10, "percent_covered": 80.0, "percent_covered_display": "80", "missing_lines": 2, "excluded_lines": 0, "percent_statements_covered": 80.0, "percent_statements_covered_display": "80"}, "missing_lines": [1097, 1108], "excluded_lines": [], "start_line": 1088}, "SongDB.makeSongStruct": {"executed_lines": [], "summary": {"covered_lines": 0, "num_statements": 9, "percent_covered": 0.0, "percent_covered_display": "0", "missing_lines": 9, "excluded_lines": 0, "percent_statements_covered": 0.0, "percent_statements_covered_display": "0"}, "missing_lines": [1116, 1117, 1118, 1119, 1120, 1121, 1122, 1124, 1125], "excluded_lines": [], "start_line": 1110}, "SongDB.chooseTitles": {"executed_lines": [], "summary": {"covered_lines": 0, "num_statements": 38, "percent_covered": 0.0, "percent_covered_display": "0", "missing_lines": 38, "excluded_lines": 0, "percent_statements_covered": 0.0, "percent_statements_covered_display": "0"}, "missing_lines": [1132, 1134, 1136, 1137, 1138, 1140, 1145, 1146, 1147, 1148, 1149, 1150, 1151, 1153, 1155, 1156, 1157, 1159, 1160, 1163, 1165, 1166, 1167, 1169, 1172, 1173, 1174, 1175, 1176, 1177, 1179, 1181, 1183, 1184, 1186, 1187, 1188, 1189], "excluded_lines": [], "start_line": 1127}, "SongDB.LoadSettings": {"executed_lines": [1195, 1196, 1197, 1198, 1206, 1207, 1209, 1210, 1215, 1218, 1220, 1221, 1222, 1224, 1225, 1227, 1230, 1231, 1232, 1233, 1237], "summary": {"covered_lines": 21, "num_statements": 27, "percent_covered": 77.77777777777777, "percent_covered_display": "78", "missing_lines": 6, "excluded_lines": 0, "percent_statements_covered": 77.77777777777777, "percent_statements_covered_display": "78"}, "missing_lines": [1208, 1216, 1235, 1238, 1239, 1241], "excluded_lines": [], "start_line": 1191}, "SongDB.LoadDatabase": {"executed_lines": [], "summary": {"covered_lines": 0, "num_statements": 23, "percent_covered": 0.0, "percent_covered_display": "0", "missing_lines": 23, "excluded_lines": 0, "percent_statements_covered": 0.0, "percent_statements_covered_display": "0"}, "missing_lines": [1246, 1247, 1248, 1249, 1250, 1253, 1254, 1255, 1256, 1257, 1258, 1259, 1261, 1262, 1263, 1264, 1265, 1266, 1267, 1268, 1270, 1271, 1273], "excluded_lines": [], "start_line": 1243}, "SongDB.SaveSettings": {"executed_lines": [1285, 1286, 1289, 1290, 1291, 1298, 1299, 1300, 1301, 1302], "summary": {"covered_lines": 10, "num_statements": 12, "percent_covered": 83.33333333333333, "percent_covered_display": "83", "missing_lines": 2, "excluded_lines": 0, "percent_statements_covered": 83.33333333333333, "percent_statements_covered_display": "83"}, "missing_lines": [1292, 1293], "excluded_lines": [], "start_line": 1281}, "SongDB.SaveDatabase": {"executed_lines": [], "summary": {"covered_lines": 0, "num_statements": 22, "percent_covered": 0.0, "percent_covered_display": "0", "missing_lines": 22, "excluded_lines": 0, "percent_statements_covered": 0.0, "percent_statements_covered_display": "0"}, "missing_lines": [1307, 1308, 1310, 1312, 1313, 1316, 1317, 1318, 1319, 1322, 1325, 1326, 1328, 1329, 1330, 1331, 1332, 1333, 1335, 1336, 1337, 1338], "excluded_lines": [], "start_line": 1304}, "SongDB.GetSong": {"executed_lines": [], "summary": {"covered_lines": 0, "num_statements": 1, "percent_covered": 0.0, "percent_covered_display": "0", "missing_lines": 1, "excluded_lines": 0, "percent_statements_covered": 0.0, "percent_statements_covered_display": "0"}, "missing_lines": [1342], "excluded_lines": [], "start_line": 1340}, "SongDB.BuildSearchDatabase": {"executed_lines": [], "summary": {"covered_lines": 0, "num_statements": 3, "percent_covered": 0.0, "percent_covered_display": "0", "missing_lines": 3, "excluded_lines": 0, "percent_statements_covered": 0.0, "percent_statements_covered_display": "0"}, "missing_lines": [1347, 1348, 1350], "excluded_lines": [], "start_line": 1344}, "SongDB.AddFile": {"executed_lines": [], "summary": {"covered_lines": 0, "num_statements": 1, "percent_covered": 0.0, "percent_covered_display": "0", "missing_lines": 1, "excluded_lines": 0, "percent_statements_covered": 0.0, "percent_statements_covered_display": "0"}, "missing_lines": [1357], "excluded_lines": [], "start_line": 1352}, "SongDB.GetZipFile": {"executed_lines": [1366, 1367, 1368, 1371, 1372, 1373, 1376, 1377, 1379, 1380], "summary": {"covered_lines": 10, "num_statements": 11, "percent_covered": 90.9090909090909, "percent_covered_display": "91", "missing_lines": 1, "excluded_lines": 0, "percent_statements_covered": 90.9090909090909, "percent_statements_covered_display": "91"}, "missing_lines": [1378], "excluded_lines": [], "start_line": 1359}, "SongDB.DropZipFile": {"executed_lines": [1385, 1386, 1387, 1389, 1390], "summary": {"covered_lines": 5, "num_statements": 5, "percent_covered": 100.0, "percent_covered_display": "100", "missing_lines": 0, "excluded_lines": 0, "percent_statements_covered": 100.0, "percent_statements_covered_display": "100"}, "missing_lines": [], "excluded_lines": [], "start_line": 1382}, "SongDB.doSearch": {"executed_lines": [], "summary": {"covered_lines": 0, "num_statements": 35, "percent_covered": 0.0, "percent_covered_display": "0", "missing_lines": 35, "excluded_lines": 0, "percent_statements_covered": 0.0, "percent_statements_covered_display": "0"}, "missing_lines": [1396, 1397, 1398, 1399, 1401, 1402, 1404, 1405, 1412, 1413, 1414, 1415, 1417, 1418, 1419, 1420, 1425, 1426, 1427, 1428, 1429, 1431, 1434, 1435, 1436, 1438, 1439, 1441, 1442, 1446, 1448, 1449, 1451, 1452, 1454], "excluded_lines": [], "start_line": 1392}, "SongDB.folderScan": {"executed_lines": [], "summary": {"covered_lines": 0, "num_statements": 19, "percent_covered": 0.0, "percent_covered_display": "0", "missing_lines": 19, "excluded_lines": 0, "percent_statements_covered": 0.0, "percent_statements_covered_display": "0"}, "missing_lines": [1459, 1460, 1461, 1462, 1463, 1468, 1471, 1472, 1473, 1474, 1477, 1482, 1483, 1484, 1486, 1488, 1489, 1490, 1491], "excluded_lines": [], "start_line": 1456}, "SongDB.__computeProgressValue": {"executed_lines": [1507, 1508, 1509, 1510, 1511, 1512, 1513], "summary": {"covered_lines": 7, "num_statements": 7, "percent_covered": 100.0, "percent_covered_display": "100", "missing_lines": 0, "excluded_lines": 0, "percent_statements_covered": 100.0, "percent_statements_covered_display": "100"}, "missing_lines": [], "excluded_lines": [], "start_line": 1493}, "SongDB.fileScan": {"executed_lines": [], "summary": {"covered_lines": 0, "num_statements": 59, "percent_covered": 0.0, "percent_covered_display": "0", "missing_lines": 59, "excluded_lines": 0, "percent_statements_covered": 0.0, "percent_statements_covered_display": "0"}, "missing_lines": [1516, 1517, 1519, 1521, 1522, 1523, 1524, 1525, 1526, 1529, 1530, 1533, 1534, 1535, 1537, 1539, 1540, 1541, 1544, 1546, 1548, 1549, 1550, 1551, 1552, 1553, 1555, 1556, 1557, 1558, 1559, 1560, 1561, 1563, 1564, 1566, 1567, 1569, 1570, 1571, 1572, 1573, 1574, 1578, 1579, 1581, 1582, 1584, 1587, 1589, 1590, 1595, 1596, 1604, 1605, 1607, 1612, 1613, 1614], "excluded_lines": [], "start_line": 1515}, "SongDB.FolderAdd": {"executed_lines": [1618, 1619], "summary": {"covered_lines": 2, "num_statements": 2, "percent_covered": 100.0, "percent_covered_display": "100", "missing_lines": 0, "excluded_lines": 0, "percent_statements_covered": 100.0, "percent_statements_covered_display": "100"}, "missing_lines": [], "excluded_lines": [], "start_line": 1617}, "SongDB.FolderDel": {"executed_lines": [1623], "summary": {"covered_lines": 1, "num_statements": 1, "percent_covered": 100.0, "percent_covered_display": "100", "missing_lines": 0, "excluded_lines": 0, "percent_statements_covered": 100.0, "percent_statements_covered_display": "100"}, "missing_lines": [], "excluded_lines": [], "start_line": 1622}, "SongDB.GetFolderList": {"executed_lines": [], "summary": {"covered_lines": 0, "num_statements": 1, "percent_covered": 0.0, "percent_covered_display": "0", "missing_lines": 1, "excluded_lines": 0, "percent_statements_covered": 0.0, "percent_statements_covered_display": "0"}, "missing_lines": [1627], "excluded_lines": [], "start_line": 1626}, "SongDB.SearchDatabase": {"executed_lines": [], "summary": {"covered_lines": 0, "num_statements": 22, "percent_covered": 0.0, "percent_covered_display": "0", "missing_lines": 22, "excluded_lines": 0, "percent_statements_covered": 0.0, "percent_statements_covered_display": "0"}, "missing_lines": [1637, 1638, 1639, 1640, 1641, 1642, 1643, 1644, 1646, 1647, 1649, 1650, 1651, 1652, 1653, 1659, 1660, 1661, 1662, 1663, 1664, 1665], "excluded_lines": [], "start_line": 1634}, "SongDB.GetDatabaseSize": {"executed_lines": [], "summary": {"covered_lines": 0, "num_statements": 1, "percent_covered": 0.0, "percent_covered_display": "0", "missing_lines": 1, "excluded_lines": 0, "percent_statements_covered": 0.0, "percent_statements_covered_display": "0"}, "missing_lines": [1669], "excluded_lines": [], "start_line": 1668}, "SongDB.IsExtensionValid": {"executed_lines": [1673, 1674, 1675, 1676, 1681, 1682], "summary": {"covered_lines": 6, "num_statements": 6, "percent_covered": 100.0, "percent_covered_display": "100", "missing_lines": 0, "excluded_lines": 0, "percent_statements_covered": 100.0, "percent_statements_covered_display": "100"}, "missing_lines": [], "excluded_lines": [], "start_line": 1672}, "SongDB.CreateTempDir": {"executed_lines": [1688], "summary": {"covered_lines": 1, "num_statements": 2, "percent_covered": 50.0, "percent_covered_display": "50", "missing_lines": 1, "excluded_lines": 0, "percent_statements_covered": 50.0, "percent_statements_covered_display": "50"}, "missing_lines": [1689], "excluded_lines": [], "start_line": 1687}, "SongDB.CreateTempFileNamePrefix": {"executed_lines": [1697, 1698, 1699], "summary": {"covered_lines": 3, "num_statements": 3, "percent_covered": 100.0, "percent_covered_display": "100", "missing_lines": 0, "excluded_lines": 0, "percent_statements_covered": 100.0, "percent_statements_covered_display": "100"}, "missing_lines": [], "excluded_lines": [], "start_line": 1696}, "SongDB.CleanupTempFiles": {"executed_lines": [1703, 1704, 1705, 1706, 1707, 1708, 1709], "summary": {"covered_lines": 7, "num_statements": 9, "percent_covered": 77.77777777777777, "percent_covered_display": "78", "missing_lines": 2, "excluded_lines": 0, "percent_statements_covered": 77.77777777777777, "percent_statements_covered_display": "78"}, "missing_lines": [1710, 1714], "excluded_lines": [], "start_line": 1702}, "SongDB.SelectSort": {"executed_lines": [], "summary": {"covered_lines": 0, "num_statements": 48, "percent_covered": 0.0, "percent_covered_display": "0", "missing_lines": 48, "excluded_lines": 0, "percent_statements_covered": 0.0, "percent_statements_covered_display": "0"}, "missing_lines": [1730, 1731, 1732, 1733, 1734, 1736, 1737, 1738, 1740, 1741, 1742, 1743, 1744, 1746, 1747, 1748, 1751, 1752, 1753, 1754, 1755, 1756, 1757, 1758, 1759, 1760, 1761, 1762, 1763, 1765, 1766, 1767, 1769, 1770, 1771, 1773, 1778, 1779, 1781, 1782, 1783, 1786, 1788, 1789, 1790, 1791, 1793, 1795], "excluded_lines": [], "start_line": 1716}, "SongDB.getSongTupleTitleArtistFilename": {"executed_lines": [], "summary": {"covered_lines": 0, "num_statements": 1, "percent_covered": 0.0, "percent_covered_display": "0", "missing_lines": 1, "excluded_lines": 0, "percent_statements_covered": 0.0, "percent_statements_covered_display": "0"}, "missing_lines": [1798], "excluded_lines": [], "start_line": 1797}, "SongDB.getSongTupleTitleFilenameArtist": {"executed_lines": [], "summary": {"covered_lines": 0, "num_statements": 1, "percent_covered": 0.0, "percent_covered_display": "0", "missing_lines": 1, "excluded_lines": 0, "percent_statements_covered": 0.0, "percent_statements_covered_display": "0"}, "missing_lines": [1801], "excluded_lines": [], "start_line": 1800}, "SongDB.getSongTupleArtistTitleFilename": {"executed_lines": [], "summary": {"covered_lines": 0, "num_statements": 1, "percent_covered": 0.0, "percent_covered_display": "0", "missing_lines": 1, "excluded_lines": 0, "percent_statements_covered": 0.0, "percent_statements_covered_display": "0"}, "missing_lines": [1804], "excluded_lines": [], "start_line": 1803}, "SongDB.getSongTupleArtistFilenameTitle": {"executed_lines": [], "summary": {"covered_lines": 0, "num_statements": 1, "percent_covered": 0.0, "percent_covered_display": "0", "missing_lines": 1, "excluded_lines": 0, "percent_statements_covered": 0.0, "percent_statements_covered_display": "0"}, "missing_lines": [1807], "excluded_lines": [], "start_line": 1806}, "SongDB.getSongTupleFilenameTitleArtist": {"executed_lines": [], "summary": {"covered_lines": 0, "num_statements": 1, "percent_covered": 0.0, "percent_covered_display": "0", "missing_lines": 1, "excluded_lines": 0, "percent_statements_covered": 0.0, "percent_statements_covered_display": "0"}, "missing_lines": [1810], "excluded_lines": [], "start_line": 1809}, "SongDB.getSongTupleFilenameArtistTitle": {"executed_lines": [], "summary": {"covered_lines": 0, "num_statements": 1, "percent_covered": 0.0, "percent_covered_display": "0", "missing_lines": 1, "excluded_lines": 0, "percent_statements_covered": 0.0, "percent_statements_covered_display": "0"}, "missing_lines": [1813], "excluded_lines": [], "start_line": 1812}, "SongDB.getSongTupleTitleArtistFilenameSortKey": {"executed_lines": [], "summary": {"covered_lines": 0, "num_statements": 1, "percent_covered": 0.0, "percent_covered_display": "0", "missing_lines": 1, "excluded_lines": 0, "percent_statements_covered": 0.0, "percent_statements_covered_display": "0"}, "missing_lines": [1816], "excluded_lines": [], "start_line": 1815}, "SongDB.getSongTupleTitleFilenameArtistSortKey": {"executed_lines": [], "summary": {"covered_lines": 0, "num_statements": 1, "percent_covered": 0.0, "percent_covered_display": "0", "missing_lines": 1, "excluded_lines": 0, "percent_statements_covered": 0.0, "percent_statements_covered_display": "0"}, "missing_lines": [1824], "excluded_lines": [], "start_line": 1823}, "SongDB.getSongTupleArtistTitleFilenameSortKey": {"executed_lines": [], "summary": {"covered_lines": 0, "num_statements": 1, "percent_covered": 0.0, "percent_covered_display": "0", "missing_lines": 1, "excluded_lines": 0, "percent_statements_covered": 0.0, "percent_statements_covered_display": "0"}, "missing_lines": [1832], "excluded_lines": [], "start_line": 1831}, "SongDB.getSongTupleArtistFilenameTitleSortKey": {"executed_lines": [], "summary": {"covered_lines": 0, "num_statements": 1, "percent_covered": 0.0, "percent_covered_display": "0", "missing_lines": 1, "excluded_lines": 0, "percent_statements_covered": 0.0, "percent_statements_covered_display": "0"}, "missing_lines": [1840], "excluded_lines": [], "start_line": 1839}, "SongDB.getSongTupleFilenameTitleArtistSortKey": {"executed_lines": [], "summary": {"covered_lines": 0, "num_statements": 1, "percent_covered": 0.0, "percent_covered_display": "0", "missing_lines": 1, "excluded_lines": 0, "percent_statements_covered": 0.0, "percent_statements_covered_display": "0"}, "missing_lines": [1848], "excluded_lines": [], "start_line": 1847}, "SongDB.getSongTupleFilenameArtistTitleSortKey": {"executed_lines": [], "summary": {"covered_lines": 0, "num_statements": 1, "percent_covered": 0.0, "percent_covered_display": "0", "missing_lines": 1, "excluded_lines": 0, "percent_statements_covered": 0.0, "percent_statements_covered_display": "0"}, "missing_lines": [1856], "excluded_lines": [], "start_line": 1855}, "SongDB.addSong": {"executed_lines": [], "summary": {"covered_lines": 0, "num_statements": 11, "percent_covered": 0.0, "percent_covered_display": "0", "missing_lines": 11, "excluded_lines": 0, "percent_statements_covered": 0.0, "percent_statements_covered_display": "0"}, "missing_lines": [1864, 1865, 1866, 1867, 1868, 1870, 1874, 1875, 1876, 1877, 1878], "excluded_lines": [], "start_line": 1863}, "SongDB.checkFileHashes": {"executed_lines": [], "summary": {"covered_lines": 0, "num_statements": 56, "percent_covered": 0.0, "percent_covered_display": "0", "missing_lines": 56, "excluded_lines": 0, "percent_statements_covered": 0.0, "percent_statements_covered_display": "0"}, "missing_lines": [1884, 1885, 1886, 1887, 1891, 1892, 1893, 1894, 1895, 1897, 1898, 1899, 1900, 1901, 1902, 1904, 1905, 1908, 1911, 1912, 1913, 1914, 1917, 1918, 1920, 1921, 1922, 1923, 1924, 1925, 1926, 1927, 1929, 1930, 1931, 1932, 1933, 1937, 1938, 1939, 1940, 1941, 1942, 1943, 1944, 1945, 1946, 1947, 1948, 1950, 1952, 1955, 1956, 1957, 1958, 1959], "excluded_lines": [], "start_line": 1880}, "SongDB.makeUniqueSongs": {"executed_lines": [], "summary": {"covered_lines": 0, "num_statements": 14, "percent_covered": 0.0, "percent_covered_display": "0", "missing_lines": 14, "excluded_lines": 0, "percent_statements_covered": 0.0, "percent_statements_covered_display": "0"}, "missing_lines": [1966, 1968, 1969, 1971, 1973, 1974, 1975, 1976, 1980, 1981, 1982, 1983, 1984, 1985], "excluded_lines": [], "start_line": 1961}, "": {"executed_lines": [26, 27, 28, 29, 31, 32, 33, 35, 36, 37, 38, 43, 45, 47, 51, 55, 60, 64, 67, 77, 80, 86, 92, 98, 101, 105, 109, 114, 120, 132, 145, 176, 179, 185, 186, 187, 189, 271, 303, 322, 344, 362, 381, 417, 502, 526, 549, 558, 568, 573, 586, 592, 597, 606, 619, 638, 671, 727, 752, 788, 793, 812, 826, 829, 839, 846, 856, 867, 874, 988, 989, 995, 996, 1038, 1058, 1088, 1110, 1127, 1191, 1243, 1281, 1304, 1340, 1344, 1352, 1359, 1382, 1392, 1456, 1493, 1515, 1617, 1622, 1626, 1634, 1668, 1672, 1687, 1696, 1702, 1716, 1797, 1800, 1803, 1806, 1809, 1812, 1815, 1823, 1831, 1839, 1847, 1855, 1863, 1880, 1961, 1988], "summary": {"covered_lines": 117, "num_statements": 117, "percent_covered": 100.0, "percent_covered_display": "100", "missing_lines": 0, "excluded_lines": 1, "percent_statements_covered": 100.0, "percent_statements_covered_display": "100"}, "missing_lines": [], "excluded_lines": [801], "start_line": 1}}, "classes": {"AppYielder": {"executed_lines": [78, 81, 82, 89], "summary": {"covered_lines": 4, "num_statements": 6, "percent_covered": 66.66666666666667, "percent_covered_display": "67", "missing_lines": 2, "excluded_lines": 0, "percent_statements_covered": 66.66666666666667, "percent_statements_covered_display": "67"}, "missing_lines": [83, 84], "excluded_lines": [], "start_line": 67}, "BusyCancelDialog": {"executed_lines": [99, 103, 107, 111], "summary": {"covered_lines": 4, "num_statements": 4, "percent_covered": 100.0, "percent_covered_display": "100", "missing_lines": 0, "excluded_lines": 0, "percent_statements_covered": 100.0, "percent_statements_covered_display": "100"}, "missing_lines": [], "excluded_lines": [], "start_line": 92}, "SongData": {"executed_lines": [121, 122, 123, 124, 130, 136, 138, 141, 142, 143, 150, 153, 155, 158, 159, 165, 166, 167, 169], "summary": {"covered_lines": 19, "num_statements": 19, "percent_covered": 100.0, "percent_covered_display": "100", "missing_lines": 0, "excluded_lines": 0, "percent_statements_covered": 100.0, "percent_statements_covered_display": "100"}, "missing_lines": [], "excluded_lines": [], "start_line": 114}, "SongStruct": {"executed_lines": [192, 193, 196, 197, 198, 199, 202, 203, 204, 209, 210, 212, 215, 216, 217, 218, 219, 220, 221, 225, 232, 237, 241, 245, 248, 249, 250, 253, 254, 258, 259, 260, 261, 262, 263, 264, 265, 266, 267, 324, 326, 327, 328, 329, 330, 338, 340, 342, 346, 348, 349, 350, 351, 352, 360, 365, 366, 368, 369, 370, 371, 373, 375, 376, 377, 379, 428, 430, 431, 433, 434, 435, 437, 438, 439, 440, 441, 443, 445, 446, 448, 449, 451, 456, 457, 458, 463, 464, 465, 466, 471, 473, 479, 482, 487, 494, 495, 496, 497, 500, 571, 580, 581, 582, 583, 584, 589], "summary": {"covered_lines": 107, "num_statements": 202, "percent_covered": 52.97029702970297, "percent_covered_display": "53", "missing_lines": 95, "excluded_lines": 0, "percent_statements_covered": 52.97029702970297, "percent_statements_covered_display": "53"}, "missing_lines": [233, 246, 251, 255, 269, 273, 275, 276, 278, 279, 281, 282, 284, 285, 287, 288, 290, 291, 293, 295, 297, 299, 301, 305, 307, 308, 309, 310, 311, 312, 313, 314, 316, 318, 320, 331, 332, 333, 334, 336, 353, 354, 356, 387, 388, 390, 391, 392, 393, 394, 395, 397, 400, 402, 403, 404, 407, 408, 409, 410, 413, 415, 467, 468, 483, 484, 485, 486, 488, 489, 490, 491, 506, 507, 511, 512, 514, 516, 518, 520, 522, 524, 531, 532, 535, 537, 539, 541, 543, 545, 547, 554, 555, 556, 566], "excluded_lines": [], "start_line": 179}, "TitleStruct": {"executed_lines": [598, 599, 600, 604, 611, 612, 613, 614, 615, 617, 672, 673, 675, 676, 679, 680, 681, 686, 687, 688, 689, 694, 695, 696, 697, 698, 699, 700, 702, 703, 707, 709, 710, 711, 712, 714, 715, 717, 718, 719, 720, 721, 722, 724, 725], "summary": {"covered_lines": 45, "num_statements": 114, "percent_covered": 39.473684210526315, "percent_covered_display": "39", "missing_lines": 69, "excluded_lines": 0, "percent_statements_covered": 39.473684210526315, "percent_statements_covered_display": "39"}, "missing_lines": [621, 622, 623, 624, 625, 626, 631, 633, 634, 636, 647, 648, 650, 652, 653, 654, 655, 656, 657, 658, 660, 661, 663, 665, 666, 667, 669, 682, 683, 684, 690, 691, 692, 733, 734, 735, 738, 739, 740, 742, 743, 745, 746, 747, 748, 750, 753, 755, 757, 758, 759, 760, 761, 763, 764, 765, 767, 768, 769, 770, 772, 776, 778, 779, 780, 781, 782, 784, 785], "excluded_lines": [], "start_line": 592}, "FontData": {"executed_lines": [796, 797, 798, 799], "summary": {"covered_lines": 4, "num_statements": 12, "percent_covered": 33.333333333333336, "percent_covered_display": "33", "missing_lines": 8, "excluded_lines": 9, "percent_statements_covered": 33.333333333333336, "percent_statements_covered_display": "33"}, "missing_lines": [813, 814, 815, 816, 817, 818, 819, 821], "excluded_lines": [802, 803, 804, 805, 806, 807, 808, 809, 810], "start_line": 788}, "SettingsStruct": {"executed_lines": [875, 878, 879, 880, 881, 882, 883, 884, 885, 886, 887, 890, 891, 893, 894, 895, 899, 900, 902, 903, 905, 906, 907, 910, 913, 914, 915, 918, 920, 921, 922, 923, 931, 934, 935, 936, 937, 938, 939, 940, 941, 944, 945, 946, 949, 950, 955, 956, 957, 959, 961], "summary": {"covered_lines": 51, "num_statements": 69, "percent_covered": 73.91304347826087, "percent_covered_display": "74", "missing_lines": 18, "excluded_lines": 0, "percent_statements_covered": 73.91304347826087, "percent_statements_covered_display": "74"}, "missing_lines": [888, 960, 962, 963, 964, 966, 967, 968, 969, 975, 976, 977, 978, 979, 980, 981, 982, 983], "excluded_lines": [], "start_line": 826}, "DBStruct": {"executed_lines": [990, 991], "summary": {"covered_lines": 2, "num_statements": 2, "percent_covered": 100.0, "percent_covered_display": "100", "missing_lines": 0, "excluded_lines": 0, "percent_statements_covered": 100.0, "percent_statements_covered_display": "100"}, "missing_lines": [], "excluded_lines": [], "start_line": 988}, "SongDB": {"executed_lines": [998, 1002, 1006, 1010, 1013, 1016, 1020, 1024, 1025, 1029, 1032, 1034, 1035, 1036, 1043, 1044, 1045, 1047, 1055, 1056, 1061, 1062, 1063, 1065, 1066, 1067, 1069, 1071, 1072, 1073, 1092, 1094, 1095, 1098, 1100, 1103, 1104, 1105, 1195, 1196, 1197, 1198, 1206, 1207, 1209, 1210, 1215, 1218, 1220, 1221, 1222, 1224, 1225, 1227, 1230, 1231, 1232, 1233, 1237, 1285, 1286, 1289, 1290, 1291, 1298, 1299, 1300, 1301, 1302, 1366, 1367, 1368, 1371, 1372, 1373, 1376, 1377, 1379, 1380, 1385, 1386, 1387, 1389, 1390, 1507, 1508, 1509, 1510, 1511, 1512, 1513, 1618, 1619, 1623, 1673, 1674, 1675, 1676, 1681, 1682, 1688, 1697, 1698, 1699, 1703, 1704, 1705, 1706, 1707, 1708, 1709], "summary": {"covered_lines": 111, "num_statem
[...]
layer.considerScroll": {"executed_lines": [], "summary": {"covered_lines": 0, "num_statements": 42, "percent_covered": 0.0, "percent_covered_display": "0", "missing_lines": 42, "excluded_lines": 0, "percent_statements_covered": 0.0, "percent_statements_covered_display": "0"}, "missing_lines": [1388, 1389, 1392, 1393, 1397, 1398, 1399, 1400, 1401, 1402, 1403, 1408, 1409, 1410, 1411, 1412, 1414, 1417, 1418, 1419, 1421, 1422, 1424, 1427, 1428, 1429, 1430, 1433, 1434, 1435, 1436, 1437, 1441, 1442, 1443, 1444, 1445, 1449, 1450, 1451, 1452, 1454], "excluded_lines": [], "start_line": 1379}, "usage": {"executed_lines": [], "summary": {"covered_lines": 0, "num_statements": 1, "percent_covered": 0.0, "percent_covered_display": "0", "missing_lines": 1, "excluded_lines": 0, "percent_statements_covered": 0.0, "percent_statements_covered_display": "0"}, "missing_lines": [1458], "excluded_lines": [], "start_line": 1457}, "main": {"executed_lines": [], "summary": {"covered_lines": 0, "num_statements": 4, "percent_covered": 0.0, "percent_covered_display": "0", "missing_lines": 4, "excluded_lines": 0, "percent_statements_covered": 0.0, "percent_statements_covered_display": "0"}, "missing_lines": [1463, 1464, 1465, 1466], "excluded_lines": [], "start_line": 1462}, "": {"executed_lines": [141, 142, 144, 146, 148, 150, 151, 153, 164, 165, 166, 171, 174, 179, 182, 183, 184, 187, 190, 191, 220, 221, 236, 241, 248, 273, 279, 284, 295, 306, 310, 314, 318, 365, 402, 426, 474, 560, 568, 680, 695, 982, 1002, 1003, 1096, 1102, 1115, 1125, 1158, 1178, 1216, 1228, 1234, 1244, 1248, 1252, 1260, 1264, 1272, 1286, 1301, 1320, 1347, 1379, 1457, 1462], "summary": {"covered_lines": 66, "num_statements": 66, "percent_covered": 100.0, "percent_covered_display": "100", "missing_lines": 0, "excluded_lines": 3, "percent_statements_covered": 100.0, "percent_statements_covered_display": "100"}, "missing_lines": [], "excluded_lines": [302, 1469, 1470], "start_line": 1}}, "classes": {"_CStringIOShim": {"executed_lines": [], "summary": {"covered_lines": 0, "num_statements": 0, "percent_covered": 100.0, "percent_covered_display": "100", "missing_lines": 0, "excluded_lines": 0, "percent_statements_covered": 100.0, "percent_statements_covered_display": "100"}, "missing_lines": [], "excluded_lines": [], "start_line": 146}, "midiFile": {"executed_lines": [], "summary": {"covered_lines": 0, "num_statements": 13, "percent_covered": 0.0, "percent_covered_display": "0", "missing_lines": 13, "excluded_lines": 0, "percent_statements_covered": 0.0, "percent_statements_covered_display": "0"}, "missing_lines": [192, 197, 199, 201, 202, 203, 210, 212, 213, 214, 215, 216, 217], "excluded_lines": [], "start_line": 190}, "TrackDesc": {"executed_lines": [], "summary": {"covered_lines": 0, "num_statements": 11, "percent_covered": 0.0, "percent_covered_display": "0", "missing_lines": 11, "excluded_lines": 0, "percent_statements_covered": 0.0, "percent_statements_covered_display": "0"}, "missing_lines": [222, 223, 224, 225, 226, 227, 228, 229, 230, 232, 233], "excluded_lines": [], "start_line": 220}, "MidiTimestamp": {"executed_lines": [], "summary": {"covered_lines": 0, "num_statements": 24, "percent_covered": 0.0, "percent_covered_display": "0", "missing_lines": 24, "excluded_lines": 0, "percent_statements_covered": 0.0, "percent_statements_covered_display": "0"}, "missing_lines": [242, 243, 244, 245, 246, 250, 251, 253, 255, 257, 258, 259, 260, 261, 262, 263, 264, 265, 267, 270, 271, 274, 275, 276], "excluded_lines": [], "start_line": 236}, "LyricSyllable": {"executed_lines": [285, 286, 287, 288, 289, 292, 293], "summary": {"covered_lines": 7, "num_statements": 10, "percent_covered": 70.0, "percent_covered_display": "70", "missing_lines": 3, "excluded_lines": 1, "percent_statements_covered": 70.0, "percent_statements_covered_display": "70"}, "missing_lines": [298, 299, 300], "excluded_lines": [303], "start_line": 279}, "Lyrics": {"executed_lines": [311, 312, 322, 324, 326, 328, 330, 331, 333, 334, 336, 339, 342, 343, 344, 345, 346, 348, 351, 352, 353, 355, 356, 358, 359, 360, 361], "summary": {"covered_lines": 27, "num_statements": 144, "percent_covered": 18.75, "percent_covered_display": "19", "missing_lines": 117, "excluded_lines": 0, "percent_statements_covered": 18.75, "percent_statements_covered_display": "19"}, "missing_lines": [316, 362, 363, 369, 371, 374, 376, 378, 380, 381, 383, 387, 388, 389, 391, 392, 396, 397, 398, 399, 400, 406, 407, 408, 409, 412, 413, 414, 415, 416, 417, 418, 422, 423, 424, 433, 434, 435, 437, 438, 439, 440, 441, 442, 443, 445, 446, 449, 450, 451, 452, 453, 454, 455, 459, 461, 462, 464, 466, 467, 468, 470, 472, 481, 482, 484, 486, 488, 489, 490, 491, 492, 496, 497, 499, 501, 502, 503, 504, 505, 507, 508, 509, 510, 511, 512, 513, 516, 520, 521, 522, 523, 524, 525, 526, 527, 528, 530, 531, 533, 534, 535, 536, 539, 542, 543, 544, 545, 546, 547, 549, 553, 554, 555, 558, 562, 563], "excluded_lines": [], "start_line": 306}, "midPlayer": {"executed_lines": [], "summary": {"covered_lines": 0, "num_statements": 206, "percent_covered": 0.0, "percent_covered_display": "0", "missing_lines": 206, "excluded_lines": 0, "percent_statements_covered": 0.0, "percent_statements_covered_display": "0"}, "missing_lines": [1007, 1008, 1010, 1011, 1014, 1017, 1018, 1019, 1020, 1021, 1022, 1023, 1024, 1026, 1029, 1030, 1032, 1033, 1034, 1036, 1037, 1044, 1046, 1047, 1058, 1059, 1062, 1067, 1069, 1074, 1077, 1080, 1084, 1085, 1086, 1087, 1090, 1094, 1097, 1098, 1100, 1107, 1110, 1111, 1113, 1116, 1117, 1118, 1119, 1123, 1130, 1133, 1137, 1140, 1144, 1147, 1150, 1154, 1156, 1162, 1163, 1166, 1167, 1168, 1169, 1170, 1171, 1172, 1173, 1175, 1176, 1188, 1189, 1190, 1191, 1193, 1195, 1197, 1198, 1199, 1201, 1202, 1203, 1204, 1205, 1209, 1211, 1212, 1214, 1220, 1221, 1223, 1224, 1225, 1226, 1229, 1230, 1232, 1235, 1236, 1242, 1245, 1246, 1249, 1250, 1254, 1256, 1257, 1258, 1262, 1267, 1268, 1269, 1270, 1273, 1275, 1276, 1279, 1283, 1284, 1287, 1296, 1297, 1299, 1306, 1307, 1309, 1310, 1311, 1312, 1313, 1314, 1315, 1317, 1318, 1322, 1323, 1325, 1326, 1329, 1331, 1334, 1338, 1339, 1340, 1341, 1343, 1345, 1355, 1357, 1358, 1359, 1360, 1361, 1364, 1365, 1367, 1368, 1369, 1370, 1372, 1373, 1376, 1377, 1388, 1389, 1392, 1393, 1397, 1398, 1399, 1400, 1401, 1402, 1403, 1408, 1409, 1410, 1411, 1412, 1414, 1417, 1418, 1419, 1421, 1422, 1424, 1427, 1428, 1429, 1430, 1433, 1434, 1435, 1436, 1437, 1441, 1442, 1443, 1444, 1445, 1449, 1450, 1451, 1452, 1454], "excluded_lines": [], "start_line": 1002}, "": {"executed_lines": [141, 142, 144, 146, 148, 150, 151, 153, 164, 165, 166, 171, 174, 179, 182, 183, 184, 187, 190, 191, 220, 221, 236, 241, 248, 273, 279, 284, 295, 306, 310, 314, 318, 365, 402, 426, 474, 560, 568, 680, 695, 982, 1002, 1003, 1096, 1102, 1115, 1125, 1158, 1178, 1216, 1228, 1234, 1244, 1248, 1252, 1260, 1264, 1272, 1286, 1301, 1320, 1347, 1379, 1457, 1462], "summary": {"covered_lines": 66, "num_statements": 377, "percent_covered": 17.50663129973475, "percent_covered_display": "18", "missing_lines": 311, "excluded_lines": 3, "percent_statements_covered": 17.50663129973475, "percent_statements_covered_display": "18"}, "missing_lines": [570, 571, 574, 577, 578, 579, 580, 581, 584, 585, 586, 587, 588, 590, 593, 594, 595, 597, 598, 600, 602, 603, 604, 605, 608, 609, 610, 612, 614, 615, 616, 619, 624, 625, 627, 628, 634, 635, 636, 638, 639, 640, 641, 642, 644, 645, 646, 647, 648, 649, 651, 652, 653, 655, 656, 660, 661, 662, 663, 664, 665, 666, 667, 668, 669, 670, 672, 673, 674, 677, 682, 683, 684, 686, 687, 688, 689, 690, 691, 692, 696, 697, 698, 699, 700, 701, 702, 703, 704, 705, 711, 715, 717, 718, 723, 724, 725, 728, 729, 730, 731, 732, 733, 734, 736, 737, 738, 739, 741, 742, 744, 746, 747, 748, 750, 751, 752, 753, 754, 756, 757, 759, 760, 762, 768, 769, 770, 771, 773, 774, 775, 776, 777, 779, 780, 781, 782, 783, 784, 785, 786, 787, 789, 790, 791, 792, 793, 795, 796, 797, 798, 799, 800, 802, 808, 809, 810, 811, 813, 814, 815, 816, 817, 819, 820, 821, 822, 823, 825, 826, 827, 828, 829, 831, 832, 833, 834, 835, 837, 838, 839, 841, 842, 843, 845, 846, 847, 848, 849, 850, 852, 853, 854, 855, 856, 857, 858, 859, 860, 861, 862, 864, 865, 866, 868, 869, 870, 871, 872, 876, 877, 878, 879, 880, 882, 883, 884, 885, 886, 887, 889, 890, 891, 892, 893, 894, 895, 896, 897, 898, 900, 901, 902, 903, 904, 905, 906, 909, 910, 911, 912, 913, 914, 916, 918, 919, 920, 921, 923, 924, 926, 927, 928, 929, 931, 932, 933, 935, 936, 937, 938, 939, 940, 942, 943, 944, 946, 947, 948, 950, 951, 952, 954, 955, 956, 957, 958, 959, 960, 961, 962, 964, 965, 966, 967, 970, 971, 972, 973, 974, 975, 976, 983, 984, 985, 986, 987, 988, 989, 990, 991, 993, 994, 996, 998, 999, 1458, 1463, 1464, 1465, 1466], "excluded_lines": [302, 1469, 1470], "start_line": 1}}}, "src/pykaraoke/players/mpg.py": {"executed_lines": [21, 22, 23, 24, 26, 28, 39, 40, 41, 130, 133, 134, 135, 136, 140, 142, 167, 170, 173, 176, 181, 185, 188, 200, 209, 225, 232, 240, 247, 252, 271, 279, 284, 292, 300, 333, 340, 351], "summary": {"covered_lines": 38, "num_statements": 119, "percent_covered": 31.932773109243698, "percent_covered_display": "32", "missing_lines": 81, "excluded_lines": 2, "percent_statements_covered": 31.932773109243698, "percent_statements_covered_display": "32"}, "missing_lines": [146, 148, 150, 152, 153, 156, 159, 160, 161, 162, 163, 168, 171, 174, 177, 178, 182, 186, 193, 196, 198, 203, 204, 206, 207, 210, 219, 220, 222, 227, 236, 237, 243, 244, 256, 258, 260, 261, 264, 265, 266, 268, 269, 272, 274, 276, 277, 282, 290, 293, 295, 296, 298, 301, 303, 304, 307, 311, 313, 316, 320, 321, 322, 323, 324, 326, 327, 330, 331, 334, 335, 336, 337, 338, 344, 345, 346, 347, 352, 353, 354], "excluded_lines": [357, 358], "functions": {"mpgPlayer.__init__": {"executed_lines": [], "summary": {"covered_lines": 0, "num_statements": 11, "percent_covered": 0.0, "percent_covered_display": "0", "missing_lines": 11, "excluded_lines": 0, "percent_statements_covered": 0.0, "percent_statements_covered_display": "0"}, "missing_lines": [146, 148, 150, 152, 153, 156, 159, 160, 161, 162, 163], "excluded_lines": [], "start_line": 142}, "mpgPlayer.doPlay": {"executed_lines": [], "summary": {"covered_lines": 0, "num_statements": 1, "percent_covered": 0.0, "percent_covered_display": "0", "missing_lines": 1, "excluded_lines": 0, "percent_statements_covered": 0.0, "percent_statements_covered_display": "0"}, "missing_lines": [168], "excluded_lines": [], "start_line": 167}, "mpgPlayer.doPause": {"executed_lines": [], "summary": {"covered_lines": 0, "num_statements": 1, "percent_covered": 0.0, "percent_covered_display": "0", "missing_lines": 1, "excluded_lines": 0, "percent_statements_covered": 0.0, "percent_statements_covered_display": "0"}, "missing_lines": [171], "excluded_lines": [], "start_line": 170}, "mpgPlayer.doUnpause": {"executed_lines": [], "summary": {"covered_lines": 0, "num_statements": 1, "percent_covered": 0.0, "percent_covered_display": "0", "missing_lines": 1, "excluded_lines": 0, "percent_statements_covered": 0.0, "percent_statements_covered_display": "0"}, "missing_lines": [174], "excluded_lines": [], "start_line": 173}, "mpgPlayer.doRewind": {"executed_lines": [], "summary": {"covered_lines": 0, "num_statements": 2, "percent_covered": 0.0, "percent_covered_display": "0", "missing_lines": 2, "excluded_lines": 0, "percent_statements_covered": 0.0, "percent_statements_covered_display": "0"}, "missing_lines": [177, 178], "excluded_lines": [], "start_line": 176}, "mpgPlayer.GetLength": {"executed_lines": [], "summary": {"covered_lines": 0, "num_statements": 1, "percent_covered": 0.0, "percent_covered_display": "0", "missing_lines": 1, "excluded_lines": 0, "percent_statements_covered": 0.0, "percent_statements_covered_display": "0"}, "missing_lines": [182], "excluded_lines": [], "start_line": 181}, "mpgPlayer.GetPos": {"executed_lines": [], "summary": {"covered_lines": 0, "num_statements": 1, "percent_covered": 0.0, "percent_covered_display": "0", "missing_lines": 1, "excluded_lines": 0, "percent_statements_covered": 0.0, "percent_statements_covered_display": "0"}, "missing_lines": [186], "excluded_lines": [], "start_line": 185}, "mpgPlayer.SetupOptions": {"executed_lines": [], "summary": {"covered_lines": 0, "num_statements": 3, "percent_covered": 0.0, "percent_covered_display": "0", "missing_lines": 3, "excluded_lines": 0, "percent_statements_covered": 0.0, "percent_statements_covered_display": "0"}, "missing_lines": [193, 196, 198], "excluded_lines": [], "start_line": 188}, "mpgPlayer.shutdown": {"executed_lines": [], "summary": {"covered_lines": 0, "num_statements": 4, "percent_covered": 0.0, "percent_covered_display": "0", "missing_lines": 4, "excluded_lines": 0, "percent_statements_covered": 0.0, "percent_statements_covered_display": "0"}, "missing_lines": [203, 204, 206, 207], "excluded_lines": [], "start_line": 200}, "mpgPlayer.handleEvent": {"executed_lines": [], "summary": {"covered_lines": 0, "num_statements": 4, "percent_covered": 0.0, "percent_covered_display": "0", "missing_lines": 4, "excluded_lines": 0, "percent_statements_covered": 0.0, "percent_statements_covered_display": "0"}, "missing_lines": [210, 219, 220, 222], "excluded_lines": [], "start_line": 209}, "mpgPlayer.doResize": {"executed_lines": [], "summary": {"covered_lines": 0, "num_statements": 1, "percent_covered": 0.0, "percent_covered_display": "0", "missing_lines": 1, "excluded_lines": 0, "percent_statements_covered": 0.0, "percent_statements_covered_display": "0"}, "missing_lines": [227], "excluded_lines": [], "start_line": 225}, "mpgPlayer.doResizeBegin": {"executed_lines": [], "summary": {"covered_lines": 0, "num_statements": 2, "percent_covered": 0.0, "percent_covered_display": "0", "missing_lines": 2, "excluded_lines": 0, "percent_statements_covered": 0.0, "percent_statements_covered_display": "0"}, "missing_lines": [236, 237], "excluded_lines": [], "start_line": 232}, "mpgPlayer.doResizeEnd": {"executed_lines": [], "summary": {"covered_lines": 0, "num_statements": 2, "percent_covered": 0.0, "percent_covered_display": "0", "missing_lines": 2, "excluded_lines": 0, "percent_statements_covered": 0.0, "percent_statements_covered_display": "0"}, "missing_lines": [243, 244], "excluded_lines": [], "start_line": 240}, "externalPlayer.__init__": {"executed_lines": [], "summary": {"covered_lines": 0, "num_statements": 9, "percent_covered": 0.0, "percent_covered_display": "0", "missing_lines": 9, "excluded_lines": 0, "percent_statements_covered": 0.0, "percent_statements_covered_display": "0"}, "missing_lines": [256, 258, 260, 261, 264, 265, 266, 268, 269], "excluded_lines": [], "start_line": 252}, "externalPlayer.doPlay": {"executed_lines": [], "summary": {"covered_lines": 0, "num_statements": 4, "percent_covered": 0.0, "percent_covered_display": "0", "missing_lines": 4, "excluded_lines": 0, "percent_statements_covered": 0.0, "percent_statements_covered_display": "0"}, "missing_lines": [272, 274, 276, 277], "excluded_lines": [], "start_line": 271}, "externalPlayer.GetLength": {"executed_lines": [], "summary": {"covered_lines": 0, "num_statements": 1, "percent_covered": 0.0, "percent_covered_display": "0", "missing_lines": 1, "excluded_lines": 0, "percent_statements_covered": 0.0, "percent_statements_covered_display": "0"}, "missing_lines": [282], "excluded_lines": [], "start_line": 279}, "externalPlayer.GetPos": {"executed_lines": [], "summary": {"covered_lines": 0, "num_statements": 1, "percent_covered": 0.0, "percent_covered_display": "0", "missing_lines": 1, "excluded_lines": 0, "percent_statements_covered": 0.0, "percent_statements_covered_display": "0"}, "missing_lines": [290], "excluded_lines": [], "start_line": 284}, "externalPlayer.doStuff": {"executed_lines": [], "summary": {"covered_lines": 0, "num_statements": 4, "percent_covered": 0.0, "percent_covered_display": "0", "missing_lines": 4, "excluded_lines": 0, "percent_statements_covered": 0.0, "percent_statements_covered_display": "0"}, "missing_lines": [293, 295, 296, 298], "excluded_lines": [], "start_line": 292}, "externalPlayer.__start": {"executed_lines": [], "summary": {"covered_lines": 0, "num_statements": 16, "percent_covered": 0.0, "percent_covered_display": "0", "missing_lines": 16, "excluded_lines": 0, "percent_statements_covered": 0.0, "percent_statements_covered_display": "0"}, "missing_lines": [301, 303, 304, 307, 311, 313, 316, 320, 321, 322, 323, 324, 326, 327, 330, 331], "excluded_lines": [], "start_line": 300}, "externalPlayer.__stop": {"executed_lines": [], "summary": {"covered_lines": 0, "num_statements": 5, "percent_covered": 0.0, "percent_covered_display": "0", "missing_lines": 5, "excluded_lines": 0, "percent_statements_covered": 0.0, "percent_statements_covered_display": "0"}, "missing_lines": [334, 335, 336, 337, 338], "excluded_lines": [], "start_line": 333}, "externalPlayer.__runThread": {"executed_lines": [], "summary": {"covered_lines": 0, "num_statements": 4, "percent_covered": 0.0, "percent_covered_display": "0", "missing_lines": 4, "excluded_lines": 0, "percent_statements_covered": 0.0, "percent_statements_covered_display": "0"}, "missing_lines": [344, 345, 346, 347], "excluded_lines": [], "start_line": 340}, "main": {"executed_lines": [], "summary": {"covered_lines": 0, "num_statements": 3, "percent_covered": 0.0, "percent_covered_display": "0", "missing_lines": 3, "excluded_lines": 0, "percent_statements_covered": 0.0, "percent_statements_covered_display": "0"}, "missing_lines": [352, 353, 354], "excluded_lines": [], "start_line": 351}, "": {"executed_lines": [21, 22, 23, 24, 26, 28, 39, 40, 41, 130, 133, 134, 135, 136, 140, 142, 167, 170, 173, 176, 181, 185, 188, 200, 209, 225, 232, 240, 247, 252, 271, 279, 284, 292, 300, 333, 340, 351], "summary": {"covered_lines": 38, "num_statements": 38, "percent_covered": 100.0, "percent_covered_display": "100", "missing_lines": 0, "excluded_lines": 2, "percent_statements_covered": 100.0, "percent_statements_covered_display": "100"}, "missing_lines": [], "excluded_lines": [357, 358], "start_line": 1}}, "classes": {"mpgPlayer": {"executed_lines": [], "summary": {"covered_lines": 0, "num_statements": 34, "percent_covered": 0.0, "percent_covered_display": "0", "missing_lines": 34, "excluded_lines": 0, "percent_statements_covered": 0.0, "percent_statements_covered_display": "0"}, "missing_lines": [146, 148, 150, 152, 153, 156, 159, 160, 161, 162, 163, 168, 171, 174, 177, 178, 182, 186, 193, 196, 198, 203, 204, 206, 207, 210, 219, 220, 222, 227, 236, 237, 243, 244], "excluded_lines": [], "start_line": 140}, "externalPlayer": {"executed_lines": [], "summary": {"covered_lines": 0, "num_statements": 44, "percent_covered": 0.0, "percent_covered_display": "0", "missing_lines": 44, "excluded_lines": 0, "percent_statements_covered": 0.0, "percent_statements_covered_display": "0"}, "missing_lines": [256, 258, 260, 261, 264, 265, 266, 268, 269, 272, 274, 276, 277, 282, 290, 293, 295, 296, 298, 301, 303, 304, 307, 311, 313, 316, 320, 321, 322, 323, 324, 326, 327, 330, 331, 334, 335, 336, 337, 338, 344, 345, 346, 347], "excluded_lines": [], "start_line": 247}, "": {"executed_lines": [21, 22, 23, 24, 26, 28, 39, 40, 41, 130, 133, 134, 135, 136, 140, 142, 167, 170, 173, 176, 181, 185, 188, 200, 209, 225, 232, 240, 247, 252, 271, 279, 284, 292, 300, 333, 340, 351], "summary": {"covered_lines": 38, "num_statements": 41, "percent_covered": 92.6829268292683, "percent_covered_display": "93", "missing_lines": 3, "excluded_lines": 2, "percent_statements_covered": 92.6829268292683, "percent_statements_covered_display": "93"}, "missing_lines": [352, 353, 354], "excluded_lines": [357, 358], "start_line": 1}}}}, "totals": {"covered_lines": 1270, "num_statements": 3525, "percent_covered": 36.02836879432624, "percent_covered_display": "36", "missing_lines": 2255, "excluded_lines": 20, "percent_statements_covered": 36.02836879432624, "percent_statements_covered_display": "36"}}